{"numFailedTestSuites":5,"numFailedTests":6,"numPassedTestSuites":10,"numPassedTests":134,"numPendingTestSuites":0,"numPendingTests":0,"numRuntimeErrorTestSuites":0,"numTodoTests":0,"numTotalTestSuites":15,"numTotalTests":140,"openHandles":[],"snapshot":{"added":0,"didUpdate":false,"failure":false,"filesAdded":0,"filesRemoved":0,"filesRemovedList":[],"filesUnmatched":0,"filesUpdated":0,"matched":0,"total":0,"unchecked":0,"uncheckedKeysByFile":[],"unmatched":0,"updated":0},"startTime":1785177142452,"success":false,"testResults":[{"assertionResults":[{"ancestorTitles":["cartSlice","addToCart"],"duration":15,"failing":false,"failureDetails":[],"failureMessages":[],"fullName":"cartSlice addToCart should add a new product to cart","invocations":1,"location":null,"numPassingAsserts":3,"retryReasons":[],"startAt":1785177156352,"status":"passed","title":"should add a new product to cart"},{"ancestorTitles":["cartSlice","addToCart"],"duration":2,"failing":false,"failureDetails":[],"failureMessages":[],"fullName":"cartSlice addToCart should increase quantity if product already in cart","invocations":1,"location":null,"numPassingAsserts":2,"retryReasons":[],"startAt":1785177156368,"status":"passed","title":"should increase quantity if product already in cart"},{"ancestorTitles":["cartSlice","addToCart"],"duration":3,"failing":false,"failureDetails":[],"failureMessages":[],"fullName":"cartSlice addToCart should add multiple different products","invocations":1,"location":null,"numPassingAsserts":3,"retryReasons":[],"startAt":1785177156370,"status":"passed","title":"should add multiple different products"},{"ancestorTitles":["cartSlice","removeFromCart"],"duration":2,"failing":false,"failureDetails":[],"failureMessages":[],"fullName":"cartSlice removeFromCart should remove product from cart","invocations":1,"location":null,"numPassingAsserts":2,"retryReasons":[],"startAt":1785177156373,"status":"passed","title":"should remove product from cart"},{"ancestorTitles":["cartSlice","removeFromCart"],"duration":3,"failing":false,"failureDetails":[],"failureMessages":[],"fullName":"cartSlice removeFromCart should do nothing if product id does not exist","invocations":1,"location":null,"numPassingAsserts":1,"retryReasons":[],"startAt":1785177156375,"status":"passed","title":"should do nothing if product id does not exist"},{"ancestorTitles":["cartSlice","updateQuantity"],"duration":2,"failing":false,"failureDetails":[],"failureMessages":[],"fullName":"cartSlice updateQuantity should update quantity of existing product","invocations":1,"location":null,"numPassingAsserts":1,"retryReasons":[],"startAt":1785177156378,"status":"passed","title":"should update quantity of existing product"},{"ancestorTitles":["cartSlice","updateQuantity"],"duration":1,"failing":false,"failureDetails":[],"failureMessages":[],"fullName":"cartSlice updateQuantity should not go below 1","invocations":1,"location":null,"numPassingAsserts":1,"retryReasons":[],"startAt":1785177156380,"status":"passed","title":"should not go below 1"},{"ancestorTitles":["cartSlice","updateQuantity"],"duration":1,"failing":false,"failureDetails":[],"failureMessages":[],"fullName":"cartSlice updateQuantity should not exceed stock","invocations":1,"location":null,"numPassingAsserts":1,"retryReasons":[],"startAt":1785177156381,"status":"passed","title":"should not exceed stock"},{"ancestorTitles":["cartSlice","updateQuantity"],"duration":1,"failing":false,"failureDetails":[],"failureMessages":[],"fullName":"cartSlice updateQuantity should do nothing if product does not exist","invocations":1,"location":null,"numPassingAsserts":2,"retryReasons":[],"startAt":1785177156382,"status":"passed","title":"should do nothing if product does not exist"},{"ancestorTitles":["cartSlice","clearCart"],"duration":1,"failing":false,"failureDetails":[],"failureMessages":[],"fullName":"cartSlice clearCart should remove all items from cart","invocations":1,"location":null,"numPassingAsserts":1,"retryReasons":[],"startAt":1785177156384,"status":"passed","title":"should remove all items from cart"},{"ancestorTitles":["cartSlice","cart open/close"],"duration":0,"failing":false,"failureDetails":[],"failureMessages":[],"fullName":"cartSlice cart open/close should start closed","invocations":1,"location":null,"numPassingAsserts":1,"retryReasons":[],"startAt":1785177156386,"status":"passed","title":"should start closed"},{"ancestorTitles":["cartSlice","cart open/close"],"duration":1,"failing":false,"failureDetails":[],"failureMessages":[],"fullName":"cartSlice cart open/close should open cart","invocations":1,"location":null,"numPassingAsserts":1,"retryReasons":[],"startAt":1785177156386,"status":"passed","title":"should open cart"},{"ancestorTitles":["cartSlice","cart open/close"],"duration":1,"failing":false,"failureDetails":[],"failureMessages":[],"fullName":"cartSlice cart open/close should close cart","invocations":1,"location":null,"numPassingAsserts":1,"retryReasons":[],"startAt":1785177156387,"status":"passed","title":"should close cart"},{"ancestorTitles":["cartSlice","cart open/close"],"duration":1,"failing":false,"failureDetails":[],"failureMessages":[],"fullName":"cartSlice cart open/close should toggle cart","invocations":1,"location":null,"numPassingAsserts":2,"retryReasons":[],"startAt":1785177156388,"status":"passed","title":"should toggle cart"}],"endTime":1785177156391,"message":"","name":"C:\\Users\\nicol\\Documents\\Trabajos\\Personal\\Proyectos Personales\\checkout-payment-system\\checkout-frontend\\src\\store\\cartSlice.test.ts","startTime":1785177146674,"status":"passed","summary":""},{"assertionResults":[{"ancestorTitles":["paymentSlice","updateCardInfo"],"duration":15,"failing":false,"failureDetails":[],"failureMessages":[],"fullName":"paymentSlice updateCardInfo should update card number","invocations":1,"location":null,"numPassingAsserts":1,"retryReasons":[],"startAt":1785177156561,"status":"passed","title":"should update card number"},{"ancestorTitles":["paymentSlice","updateCardInfo"],"duration":1,"failing":false,"failureDetails":[],"failureMessages":[],"fullName":"paymentSlice updateCardInfo should update multiple card fields at once","invocations":1,"location":null,"numPassingAsserts":2,"retryReasons":[],"startAt":1785177156577,"status":"passed","title":"should update multiple card fields at once"},{"ancestorTitles":["paymentSlice","updateCardInfo"],"duration":2,"failing":false,"failureDetails":[],"failureMessages":[],"fullName":"paymentSlice updateCardInfo should keep existing fields when partial update","invocations":1,"location":null,"numPassingAsserts":2,"retryReasons":[],"startAt":1785177156578,"status":"passed","title":"should keep existing fields when partial update"},{"ancestorTitles":["paymentSlice","setBaseFee"],"duration":1,"failing":false,"failureDetails":[],"failureMessages":[],"fullName":"paymentSlice setBaseFee should set base fee","invocations":1,"location":null,"numPassingAsserts":1,"retryReasons":[],"startAt":1785177156580,"status":"passed","title":"should set base fee"},{"ancestorTitles":["paymentSlice","setDeliveryFee"],"duration":1,"failing":false,"failureDetails":[],"failureMessages":[],"fullName":"paymentSlice setDeliveryFee should set delivery fee","invocations":1,"location":null,"numPassingAsserts":1,"retryReasons":[],"startAt":1785177156582,"status":"passed","title":"should set delivery fee"},{"ancestorTitles":["paymentSlice","calculateTotal"],"duration":1,"failing":false,"failureDetails":[],"failureMessages":[],"fullName":"paymentSlice calculateTotal should calculate total as baseFee + deliveryFee","invocations":1,"location":null,"numPassingAsserts":1,"retryReasons":[],"startAt":1785177156583,"status":"passed","title":"should calculate total as baseFee + deliveryFee"},{"ancestorTitles":["paymentSlice","setProcessing"],"duration":1,"failing":false,"failureDetails":[],"failureMessages":[],"fullName":"paymentSlice setProcessing should set processing to true and clear error","invocations":1,"location":null,"numPassingAsserts":2,"retryReasons":[],"startAt":1785177156585,"status":"passed","title":"should set processing to true and clear error"},{"ancestorTitles":["paymentSlice","setProcessing"],"duration":1,"failing":false,"failureDetails":[],"failureMessages":[],"fullName":"paymentSlice setProcessing should set processing to false","invocations":1,"location":null,"numPassingAsserts":1,"retryReasons":[],"startAt":1785177156587,"status":"passed","title":"should set processing to false"},{"ancestorTitles":["paymentSlice","setPaymentError"],"duration":4,"failing":false,"failureDetails":[],"failureMessages":[],"fullName":"paymentSlice setPaymentError should set error and stop processing","invocations":1,"location":null,"numPassingAsserts":2,"retryReasons":[],"startAt":1785177156588,"status":"passed","title":"should set error and stop processing"},{"ancestorTitles":["paymentSlice","setPaymentError"],"duration":1,"failing":false,"failureDetails":[],"failureMessages":[],"fullName":"paymentSlice setPaymentError should clear error when null","invocations":1,"location":null,"numPassingAsserts":1,"retryReasons":[],"startAt":1785177156592,"status":"passed","title":"should clear error when null"},{"ancestorTitles":["paymentSlice","resetPayment"],"duration":2,"failing":false,"failureDetails":[],"failureMessages":[],"fullName":"paymentSlice resetPayment should reset to initial state","invocations":1,"location":null,"numPassingAsserts":1,"retryReasons":[],"startAt":1785177156594,"status":"passed","title":"should reset to initial state"}],"endTime":1785177156599,"message":"","name":"C:\\Users\\nicol\\Documents\\Trabajos\\Personal\\Proyectos Personales\\checkout-payment-system\\checkout-frontend\\src\\store\\paymentSlice.test.ts","startTime":1785177146672,"status":"passed","summary":""},{"assertionResults":[{"ancestorTitles":["deliverySlice","updateCustomer"],"duration":17,"failing":false,"failureDetails":[],"failureMessages":[],"fullName":"deliverySlice updateCustomer should update customer fields","invocations":1,"location":null,"numPassingAsserts":1,"retryReasons":[],"startAt":1785177156661,"status":"passed","title":"should update customer fields"},{"ancestorTitles":["deliverySlice","updateCustomer"],"duration":2,"failing":false,"failureDetails":[],"failureMessages":[],"fullName":"deliverySlice updateCustomer should merge partial customer update","invocations":1,"location":null,"numPassingAsserts":2,"retryReasons":[],"startAt":1785177156679,"status":"passed","title":"should merge partial customer update"},{"ancestorTitles":["deliverySlice","updateDelivery"],"duration":1,"failing":false,"failureDetails":[],"failureMessages":[],"fullName":"deliverySlice updateDelivery should update delivery fields","invocations":1,"location":null,"numPassingAsserts":2,"retryReasons":[],"startAt":1785177156681,"status":"passed","title":"should update delivery fields"},{"ancestorTitles":["deliverySlice","updateDelivery"],"duration":1,"failing":false,"failureDetails":[],"failureMessages":[],"fullName":"deliverySlice updateDelivery should merge partial delivery update","invocations":1,"location":null,"numPassingAsserts":1,"retryReasons":[],"startAt":1785177156682,"status":"passed","title":"should merge partial delivery update"},{"ancestorTitles":["deliverySlice","setAcceptTerms"],"duration":1,"failing":false,"failureDetails":[],"failureMessages":[],"fullName":"deliverySlice setAcceptTerms should set acceptTerms to true","invocations":1,"location":null,"numPassingAsserts":1,"retryReasons":[],"startAt":1785177156684,"status":"passed","title":"should set acceptTerms to true"},{"ancestorTitles":["deliverySlice","setAcceptTerms"],"duration":1,"failing":false,"failureDetails":[],"failureMessages":[],"fullName":"deliverySlice setAcceptTerms should set acceptTerms to false","invocations":1,"location":null,"numPassingAsserts":1,"retryReasons":[],"startAt":1785177156685,"status":"passed","title":"should set acceptTerms to false"},{"ancestorTitles":["deliverySlice","resetDelivery"],"duration":2,"failing":false,"failureDetails":[],"failureMessages":[],"fullName":"deliverySlice resetDelivery should reset to initial state","invocations":1,"location":null,"numPassingAsserts":1,"retryReasons":[],"startAt":1785177156687,"status":"passed","title":"should reset to initial state"}],"endTime":1785177156691,"message":"","name":"C:\\Users\\nicol\\Documents\\Trabajos\\Personal\\Proyectos Personales\\checkout-payment-system\\checkout-frontend\\src\\store\\deliverySlice.test.ts","startTime":1785177146667,"status":"passed","summary":""},{"assertionResults":[{"ancestorTitles":["transactionSlice","resetTransaction"],"duration":31,"failing":false,"failureDetails":[],"failureMessages":[],"fullName":"transactionSlice resetTransaction should reset to initial state","invocations":1,"location":null,"numPassingAsserts":1,"retryReasons":[],"startAt":1785177156695,"status":"passed","title":"should reset to initial state"},{"ancestorTitles":["transactionSlice","createTransaction async thunk"],"duration":3,"failing":false,"failureDetails":[],"failureMessages":[],"fullName":"transactionSlice createTransaction async thunk should set loading on pending","invocations":1,"location":null,"numPassingAsserts":2,"retryReasons":[],"startAt":1785177156729,"status":"passed","title":"should set loading on pending"},{"ancestorTitles":["transactionSlice","createTransaction async thunk"],"duration":6,"failing":false,"failureDetails":[],"failureMessages":[],"fullName":"transactionSlice createTransaction async thunk should handle fulfilled","invocations":1,"location":null,"numPassingAsserts":5,"retryReasons":[],"startAt":1785177156733,"status":"passed","title":"should handle fulfilled"},{"ancestorTitles":["transactionSlice","createTransaction async thunk"],"duration":4,"failing":false,"failureDetails":[],"failureMessages":[],"fullName":"transactionSlice createTransaction async thunk should handle rejected","invocations":1,"location":null,"numPassingAsserts":3,"retryReasons":[],"startAt":1785177156740,"status":"passed","title":"should handle rejected"},{"ancestorTitles":["transactionSlice","createTransaction async thunk"],"duration":5,"failing":false,"failureDetails":[],"failureMessages":[],"fullName":"transactionSlice createTransaction async thunk should call api.createTransaction with payload","invocations":1,"location":null,"numPassingAsserts":1,"retryReasons":[],"startAt":1785177156745,"status":"passed","title":"should call api.createTransaction with payload"},{"ancestorTitles":["transactionSlice","checkTransactionStatus async thunk"],"duration":1,"failing":false,"failureDetails":[],"failureMessages":[],"fullName":"transactionSlice checkTransactionStatus async thunk should set loading on pending","invocations":1,"location":null,"numPassingAsserts":1,"retryReasons":[],"startAt":1785177156751,"status":"passed","title":"should set loading on pending"},{"ancestorTitles":["transactionSlice","checkTransactionStatus async thunk"],"duration":1,"failing":false,"failureDetails":[],"failureMessages":[],"fullName":"transactionSlice checkTransactionStatus async thunk should handle fulfilled","invocations":1,"location":null,"numPassingAsserts":3,"retryReasons":[],"startAt":1785177156752,"status":"passed","title":"should handle fulfilled"},{"ancestorTitles":["transactionSlice","checkTransactionStatus async thunk"],"duration":2,"failing":false,"failureDetails":[],"failureMessages":[],"fullName":"transactionSlice checkTransactionStatus async thunk should handle rejected","invocations":1,"location":null,"numPassingAsserts":2,"retryReasons":[],"startAt":1785177156753,"status":"passed","title":"should handle rejected"},{"ancestorTitles":["transactionSlice","pollTransactionStatus async thunk"],"duration":6,"failing":false,"failureDetails":[],"failureMessages":[],"fullName":"transactionSlice pollTransactionStatus async thunk should return response when status is not PENDING","invocations":1,"location":null,"numPassingAsserts":2,"retryReasons":[],"startAt":1785177156755,"status":"passed","title":"should return response when status is not PENDING"},{"ancestorTitles":["transactionSlice","pollTransactionStatus async thunk"],"duration":2,"failing":false,"failureDetails":[],"failureMessages":[],"fullName":"transactionSlice pollTransactionStatus async thunk should handle fulfilled state in reducer","invocations":1,"location":null,"numPassingAsserts":3,"retryReasons":[],"startAt":1785177156761,"status":"passed","title":"should handle fulfilled state in reducer"},{"ancestorTitles":["transactionSlice","pollTransactionStatus async thunk"],"duration":3,"failing":false,"failureDetails":[],"failureMessages":[],"fullName":"transactionSlice pollTransactionStatus async thunk should handle pending state","invocations":1,"location":null,"numPassingAsserts":2,"retryReasons":[],"startAt":1785177156764,"status":"passed","title":"should handle pending state"},{"ancestorTitles":["transactionSlice","pollTransactionStatus async thunk"],"duration":3,"failing":false,"failureDetails":[],"failureMessages":[],"fullName":"transactionSlice pollTransactionStatus async thunk should handle rejected state","invocations":1,"location":null,"numPassingAsserts":3,"retryReasons":[],"startAt":1785177156767,"status":"passed","title":"should handle rejected state"}],"endTime":1785177156774,"message":"","name":"C:\\Users\\nicol\\Documents\\Trabajos\\Personal\\Proyectos Personales\\checkout-payment-system\\checkout-frontend\\src\\store\\transactionSlice.test.ts","startTime":1785177146678,"status":"passed","summary":""},{"assertionResults":[{"ancestorTitles":["Input"],"duration":86,"failing":false,"failureDetails":[],"failureMessages":[],"fullName":"Input should render with label","invocations":1,"location":null,"numPassingAsserts":1,"retryReasons":[],"startAt":1785177156621,"status":"passed","title":"should render with label"},{"ancestorTitles":["Input"],"duration":29,"failing":false,"failureDetails":[],"failureMessages":[],"fullName":"Input should generate id from label","invocations":1,"location":null,"numPassingAsserts":1,"retryReasons":[],"startAt":1785177156711,"status":"passed","title":"should generate id from label"},{"ancestorTitles":["Input"],"duration":20,"failing":false,"failureDetails":[],"failureMessages":[],"fullName":"Input should use custom id when provided","invocations":1,"location":null,"numPassingAsserts":1,"retryReasons":[],"startAt":1785177156740,"status":"passed","title":"should use custom id when provided"},{"ancestorTitles":["Input"],"duration":12,"failing":false,"failureDetails":[],"failureMessages":[],"fullName":"Input should show icon when provided","invocations":1,"location":null,"numPassingAsserts":1,"retryReasons":[],"startAt":1785177156760,"status":"passed","title":"should show icon when provided"},{"ancestorTitles":["Input"],"duration":17,"failing":false,"failureDetails":[],"failureMessages":[],"fullName":"Input should show error message when error is provided","invocations":1,"location":null,"numPassingAsserts":1,"retryReasons":[],"startAt":1785177156773,"status":"passed","title":"should show error message when error is provided"},{"ancestorTitles":["Input"],"duration":24,"failing":false,"failureDetails":[],"failureMessages":[],"fullName":"Input should apply error styles when error is provided","invocations":1,"location":null,"numPassingAsserts":1,"retryReasons":[],"startAt":1785177156790,"status":"passed","title":"should apply error styles when error is provided"},{"ancestorTitles":["Input"],"duration":8,"failing":false,"failureDetails":[],"failureMessages":[],"fullName":"Input should not show error when not provided","invocations":1,"location":null,"numPassingAsserts":1,"retryReasons":[],"startAt":1785177156814,"status":"passed","title":"should not show error when not provided"},{"ancestorTitles":["Input"],"duration":20,"failing":false,"failureDetails":[],"failureMessages":[],"fullName":"Input should pass through input props","invocations":1,"location":null,"numPassingAsserts":2,"retryReasons":[],"startAt":1785177156822,"status":"passed","title":"should pass through input props"},{"ancestorTitles":["Input"],"duration":27,"failing":false,"failureDetails":[],"failureMessages":[],"fullName":"Input should handle onChange","invocations":1,"location":null,"numPassingAsserts":1,"retryReasons":[],"startAt":1785177156842,"status":"passed","title":"should handle onChange"}],"endTime":1785177156874,"message":"","name":"C:\\Users\\nicol\\Documents\\Trabajos\\Personal\\Proyectos Personales\\checkout-payment-system\\checkout-frontend\\src\\components\\ui\\Input.test.tsx","startTime":1785177146660,"status":"passed","summary":""},{"assertionResults":[{"ancestorTitles":["api service","getProducts"],"duration":13,"failing":false,"failureDetails":[],"failureMessages":[],"fullName":"api service getProducts should fetch products successfully","invocations":1,"location":null,"numPassingAsserts":2,"retryReasons":[],"startAt":1785177156869,"status":"passed","title":"should fetch products successfully"},{"ancestorTitles":["api service","getProducts"],"duration":25,"failing":false,"failureDetails":[],"failureMessages":[],"fullName":"api service getProducts should throw error when request fails","invocations":1,"location":null,"numPassingAsserts":1,"retryReasons":[],"startAt":1785177156883,"status":"passed","title":"should throw error when request fails"},{"ancestorTitles":["api service","getProducts"],"duration":2,"failing":false,"failureDetails":[],"failureMessages":[],"fullName":"api service getProducts should return empty array when no products available","invocations":1,"location":null,"numPassingAsserts":1,"retryReasons":[],"startAt":1785177156908,"status":"passed","title":"should return empty array when no products available"},{"ancestorTitles":["api service","getProduct"],"duration":2,"failing":false,"failureDetails":[],"failureMessages":[],"fullName":"api service getProduct should fetch a single product by id","invocations":1,"location":null,"numPassingAsserts":2,"retryReasons":[],"startAt":1785177156910,"status":"passed","title":"should fetch a single product by id"},{"ancestorTitles":["api service","getProduct"],"duration":2,"failing":false,"failureDetails":[],"failureMessages":[],"fullName":"api service getProduct should throw error when product not found","invocations":1,"location":null,"numPassingAsserts":1,"retryReasons":[],"startAt":1785177156912,"status":"passed","title":"should throw error when product not found"},{"ancestorTitles":["api service","createTransaction"],"duration":2,"failing":false,"failureDetails":[],"failureMessages":[],"fullName":"api service createTransaction should create a transaction successfully","invocations":1,"location":null,"numPassingAsserts":2,"retryReasons":[],"startAt":1785177156914,"status":"passed","title":"should create a transaction successfully"},{"ancestorTitles":["api service","createTransaction"],"duration":1,"failing":false,"failureDetails":[],"failureMessages":[],"fullName":"api service createTransaction should throw error when payment fails","invocations":1,"location":null,"numPassingAsserts":1,"retryReasons":[],"startAt":1785177156917,"status":"passed","title":"should throw error when payment fails"},{"ancestorTitles":["api service","getTransaction"],"duration":2,"failing":false,"failureDetails":[],"failureMessages":[],"fullName":"api service getTransaction should get transaction by id","invocations":1,"location":null,"numPassingAsserts":2,"retryReasons":[],"startAt":1785177156918,"status":"passed","title":"should get transaction by id"},{"ancestorTitles":["api service","getTransaction"],"duration":1,"failing":false,"failureDetails":[],"failureMessages":[],"fullName":"api service getTransaction should throw error when transaction not found","invocations":1,"location":null,"numPassingAsserts":1,"retryReasons":[],"startAt":1785177156920,"status":"passed","title":"should throw error when transaction not found"},{"ancestorTitles":["api service","getWompiAcceptanceToken"],"duration":1,"failing":false,"failureDetails":[],"failureMessages":[],"fullName":"api service getWompiAcceptanceToken should return acceptance token","invocations":1,"location":null,"numPassingAsserts":2,"retryReasons":[],"startAt":1785177156922,"status":"passed","title":"should return acceptance token"},{"ancestorTitles":["api service","getWompiAcceptanceToken"],"duration":0,"failing":false,"failureDetails":[],"failureMessages":[],"fullName":"api service getWompiAcceptanceToken should return empty string when base URL is not set","invocations":1,"location":null,"numPassingAsserts":1,"retryReasons":[],"startAt":1785177156924,"status":"passed","title":"should return empty string when base URL is not set"}],"endTime":1785177156927,"message":"","name":"C:\\Users\\nicol\\Documents\\Trabajos\\Personal\\Proyectos Personales\\checkout-payment-system\\checkout-frontend\\src\\services\\api.test.ts","startTime":1785177146687,"status":"passed","summary":""},{"assertionResults":[{"ancestorTitles":["productsSlice","setSelectedProduct"],"duration":33,"failing":false,"failureDetails":[],"failureMessages":[],"fullName":"productsSlice setSelectedProduct should set selected product","invocations":1,"location":null,"numPassingAsserts":1,"retryReasons":[],"startAt":1785177156892,"status":"passed","title":"should set selected product"},{"ancestorTitles":["productsSlice","clearSelectedProduct"],"duration":1,"failing":false,"failureDetails":[],"failureMessages":[],"fullName":"productsSlice clearSelectedProduct should clear selected product","invocations":1,"location":null,"numPassingAsserts":1,"retryReasons":[],"startAt":1785177156926,"status":"passed","title":"should clear selected product"},{"ancestorTitles":["productsSlice","updateProductStock"],"duration":5,"failing":false,"failureDetails":[],"failureMessages":[],"fullName":"productsSlice updateProductStock should update stock for a matching product in items list","invocations":1,"location":null,"numPassingAsserts":2,"retryReasons":[],"startAt":1785177156928,"status":"passed","title":"should update stock for a matching product in items list"},{"ancestorTitles":["productsSlice","updateProductStock"],"duration":2,"failing":false,"failureDetails":[],"failureMessages":[],"fullName":"productsSlice updateProductStock should also update selectedProduct stock if it matches","invocations":1,"location":null,"numPassingAsserts":1,"retryReasons":[],"startAt":1785177156933,"status":"passed","title":"should also update selectedProduct stock if it matches"},{"ancestorTitles":["productsSlice","updateProductStock"],"duration":7,"failing":false,"failureDetails":[],"failureMessages":[],"fullName":"productsSlice updateProductStock should not update if product id does not match","invocations":1,"location":null,"numPassingAsserts":1,"retryReasons":[],"startAt":1785177156935,"status":"passed","title":"should not update if product id does not match"},{"ancestorTitles":["productsSlice","fetchProducts async thunk"],"duration":3,"failing":false,"failureDetails":[],"failureMessages":[],"fullName":"productsSlice fetchProducts async thunk should set loading on pending","invocations":1,"location":null,"numPassingAsserts":2,"retryReasons":[],"startAt":1785177156943,"status":"passed","title":"should set loading on pending"},{"ancestorTitles":["productsSlice","fetchProducts async thunk"],"duration":2,"failing":false,"failureDetails":[],"failureMessages":[],"fullName":"productsSlice fetchProducts async thunk should handle fulfilled","invocations":1,"location":null,"numPassingAsserts":2,"retryReasons":[],"startAt":1785177156946,"status":"passed","title":"should handle fulfilled"},{"ancestorTitles":["productsSlice","fetchProducts async thunk"],"duration":1,"failing":false,"failureDetails":[],"failureMessages":[],"fullName":"productsSlice fetchProducts async thunk should handle rejected","invocations":1,"location":null,"numPassingAsserts":2,"retryReasons":[],"startAt":1785177156949,"status":"passed","title":"should handle rejected"},{"ancestorTitles":["productsSlice","fetchProducts async thunk"],"duration":4,"failing":false,"failureDetails":[],"failureMessages":[],"fullName":"productsSlice fetchProducts async thunk should call api.getProducts","invocations":1,"location":null,"numPassingAsserts":1,"retryReasons":[],"startAt":1785177156950,"status":"passed","title":"should call api.getProducts"},{"ancestorTitles":["productsSlice","fetchProductById async thunk"],"duration":2,"failing":false,"failureDetails":[],"failureMessages":[],"fullName":"productsSlice fetchProductById async thunk should set loading on pending","invocations":1,"location":null,"numPassingAsserts":2,"retryReasons":[],"startAt":1785177156955,"status":"passed","title":"should set loading on pending"},{"ancestorTitles":["productsSlice","fetchProductById async thunk"],"duration":1,"failing":false,"failureDetails":[],"failureMessages":[],"fullName":"productsSlice fetchProductById async thunk should handle fulfilled","invocations":1,"location":null,"numPassingAsserts":2,"retryReasons":[],"startAt":1785177156958,"status":"passed","title":"should handle fulfilled"},{"ancestorTitles":["productsSlice","fetchProductById async thunk"],"duration":1,"failing":false,"failureDetails":[],"failureMessages":[],"fullName":"productsSlice fetchProductById async thunk should handle rejected","invocations":1,"location":null,"numPassingAsserts":2,"retryReasons":[],"startAt":1785177156960,"status":"passed","title":"should handle rejected"},{"ancestorTitles":["productsSlice","fetchProductById async thunk"],"duration":2,"failing":false,"failureDetails":[],"failureMessages":[],"fullName":"productsSlice fetchProductById async thunk should call api.getProduct with id","invocations":1,"location":null,"numPassingAsserts":1,"retryReasons":[],"startAt":1785177156961,"status":"passed","title":"should call api.getProduct with id"}],"endTime":1785177156966,"message":"","name":"C:\\Users\\nicol\\Documents\\Trabajos\\Personal\\Proyectos Personales\\checkout-payment-system\\checkout-frontend\\src\\store\\productsSlice.test.ts","startTime":1785177146705,"status":"passed","summary":""},{"assertionResults":[{"ancestorTitles":["Header"],"duration":216,"failing":false,"failureDetails":[],"failureMessages":[],"fullName":"Header should render the store name","invocations":1,"location":null,"numPassingAsserts":1,"retryReasons":[],"startAt":1785177157368,"status":"passed","title":"should render the store name"},{"ancestorTitles":["Header"],"duration":39,"failing":false,"failureDetails":[],"failureMessages":[],"fullName":"Header should render subtitle","invocations":1,"location":null,"numPassingAsserts":1,"retryReasons":[],"startAt":1785177157585,"status":"passed","title":"should render subtitle"},{"ancestorTitles":["Header"],"duration":32,"failing":false,"failureDetails":[{"matcherResult":{"actual":1,"expected":0,"message":"\u001b[2mexpect(\u001b[22m\u001b[31mreceived\u001b[39m\u001b[2m).\u001b[22mtoBe\u001b[2m(\u001b[22m\u001b[32mexpected\u001b[39m\u001b[2m) // Object.is equality\u001b[22m\n\nExpected: \u001b[32m0\u001b[39m\nReceived: \u001b[31m1\u001b[39m","name":"toBe","pass":false}}],"failureMessages":["Error: \u001b[2mexpect(\u001b[22m\u001b[31mreceived\u001b[39m\u001b[2m).\u001b[22mtoBe\u001b[2m(\u001b[22m\u001b[32mexpected\u001b[39m\u001b[2m) // Object.is equality\u001b[22m\n\nExpected: \u001b[32m0\u001b[39m\nReceived: \u001b[31m1\u001b[39m\n    at Object.<anonymous> (C:\\Users\\nicol\\Documents\\Trabajos\\Personal\\Proyectos Personales\\checkout-payment-system\\checkout-frontend\\src\\components\\layout\\Header.test.tsx:50:28)\n    at Promise.finally.completed (C:\\Users\\nicol\\Documents\\Trabajos\\Personal\\Proyectos Personales\\checkout-payment-system\\checkout-frontend\\node_modules\\jest-circus\\build\\jestAdapterInit.js:1561:28)\n    at new Promise (<anonymous>)\n    at callAsyncCircusFn (C:\\Users\\nicol\\Documents\\Trabajos\\Personal\\Proyectos Personales\\checkout-payment-system\\checkout-frontend\\node_modules\\jest-circus\\build\\jestAdapterInit.js:1501:10)\n    at _callCircusTest (C:\\Users\\nicol\\Documents\\Trabajos\\Personal\\Proyectos Personales\\checkout-payment-system\\checkout-frontend\\node_modules\\jest-circus\\build\\jestAdapterInit.js:1011:40)\n    at processTicksAndRejections (node:internal/process/task_queues:103:5)\n    at _runTest (C:\\Users\\nicol\\Documents\\Trabajos\\Personal\\Proyectos Personales\\checkout-payment-system\\checkout-frontend\\node_modules\\jest-circus\\build\\jestAdapterInit.js:951:3)\n    at C:\\Users\\nicol\\Documents\\Trabajos\\Personal\\Proyectos Personales\\checkout-payment-system\\checkout-frontend\\node_modules\\jest-circus\\build\\jestAdapterInit.js:853:7\n    at _runTestsForDescribeBlock (C:\\Users\\nicol\\Documents\\Trabajos\\Personal\\Proyectos Personales\\checkout-payment-system\\checkout-frontend\\node_modules\\jest-circus\\build\\jestAdapterInit.js:866:11)\n    at _runTestsForDescribeBlock (C:\\Users\\nicol\\Documents\\Trabajos\\Personal\\Proyectos Personales\\checkout-payment-system\\checkout-frontend\\node_modules\\jest-circus\\build\\jestAdapterInit.js:861:11)\n    at run (C:\\Users\\nicol\\Documents\\Trabajos\\Personal\\Proyectos Personales\\checkout-payment-system\\checkout-frontend\\node_modules\\jest-circus\\build\\jestAdapterInit.js:765:3)\n    at runAndTransformResultsToJestFormat (C:\\Users\\nicol\\Documents\\Trabajos\\Personal\\Proyectos Personales\\checkout-payment-system\\checkout-frontend\\node_modules\\jest-circus\\build\\jestAdapterInit.js:1993:21)\n    at jestAdapter (C:\\Users\\nicol\\Documents\\Trabajos\\Personal\\Proyectos Personales\\checkout-payment-system\\checkout-frontend\\node_modules\\jest-circus\\build\\runner.js:111:19)\n    at runTestInternal (C:\\Users\\nicol\\Documents\\Trabajos\\Personal\\Proyectos Personales\\checkout-payment-system\\checkout-frontend\\node_modules\\jest-runner\\build\\testWorker.js:276:16)\n    at runTest (C:\\Users\\nicol\\Documents\\Trabajos\\Personal\\Proyectos Personales\\checkout-payment-system\\checkout-frontend\\node_modules\\jest-runner\\build\\testWorker.js:344:7)\n    at Object.worker (C:\\Users\\nicol\\Documents\\Trabajos\\Personal\\Proyectos Personales\\checkout-payment-system\\checkout-frontend\\node_modules\\jest-runner\\build\\testWorker.js:498:12)"],"fullName":"Header should not show cart badge when cart is empty","invocations":1,"location":null,"numPassingAsserts":0,"retryReasons":[],"startAt":1785177157625,"status":"failed","title":"should not show cart badge when cart is empty"},{"ancestorTitles":["Header"],"duration":27,"failing":false,"failureDetails":[{"name":"TestingLibraryElementError"}],"failureMessages":["TestingLibraryElementError: Unable to find an element with the text: 2. This could be because the text is broken up by multiple elements. In this case, you can provide a function for your text matcher to make your matcher more flexible.\n\nIgnored nodes: comments, script, style\n\u001b[36m<body>\u001b[39m\n  \u001b[36m<div>\u001b[39m\n    \u001b[36m<header\u001b[39m\n      \u001b[33mclass\u001b[39m=\u001b[32m\"relative z-30 border-b border-gray-800/50 bg-gradient-to-r from-gray-950 via-purple-950/30 to-gray-950 backdrop-blur-xl\"\u001b[39m\n    \u001b[36m>\u001b[39m\n      \u001b[36m<div\u001b[39m\n        \u001b[33mclass\u001b[39m=\u001b[32m\"max-w-7xl mx-auto px-4 py-4 flex items-center justify-between\"\u001b[39m\n      \u001b[36m>\u001b[39m\n        \u001b[36m<div\u001b[39m\n          \u001b[33mclass\u001b[39m=\u001b[32m\"flex items-center gap-3\"\u001b[39m\n        \u001b[36m>\u001b[39m\n          \u001b[36m<div\u001b[39m\n            \u001b[33mclass\u001b[39m=\u001b[32m\"w-10 h-10 rounded-xl bg-gradient-to-br from-purple-500 to-indigo-600 flex items-center justify-center shadow-lg shadow-purple-500/20\"\u001b[39m\n          \u001b[36m>\u001b[39m\n            \u001b[36m<svg\u001b[39m\n              \u001b[33maria-hidden\u001b[39m=\u001b[32m\"true\"\u001b[39m\n              \u001b[33mclass\u001b[39m=\u001b[32m\"lucide lucide-paw-print w-5 h-5 text-white\"\u001b[39m\n              \u001b[33mfill\u001b[39m=\u001b[32m\"none\"\u001b[39m\n              \u001b[33mheight\u001b[39m=\u001b[32m\"24\"\u001b[39m\n              \u001b[33mstroke\u001b[39m=\u001b[32m\"currentColor\"\u001b[39m\n              \u001b[33mstroke-linecap\u001b[39m=\u001b[32m\"round\"\u001b[39m\n              \u001b[33mstroke-linejoin\u001b[39m=\u001b[32m\"round\"\u001b[39m\n              \u001b[33mstroke-width\u001b[39m=\u001b[32m\"2\"\u001b[39m\n              \u001b[33mviewBox\u001b[39m=\u001b[32m\"0 0 24 24\"\u001b[39m\n              \u001b[33mwidth\u001b[39m=\u001b[32m\"24\"\u001b[39m\n              \u001b[33mxmlns\u001b[39m=\u001b[32m\"http://www.w3.org/2000/svg\"\u001b[39m\n            \u001b[36m>\u001b[39m\n              \u001b[36m<circle\u001b[39m\n                \u001b[33mcx\u001b[39m=\u001b[32m\"11\"\u001b[39m\n                \u001b[33mcy\u001b[39m=\u001b[32m\"4\"\u001b[39m\n                \u001b[33mr\u001b[39m=\u001b[32m\"2\"\u001b[39m\n              \u001b[36m/>\u001b[39m\n              \u001b[36m<circle\u001b[39m\n                \u001b[33mcx\u001b[39m=\u001b[32m\"18\"\u001b[39m\n                \u001b[33mcy\u001b[39m=\u001b[32m\"8\"\u001b[39m\n                \u001b[33mr\u001b[39m=\u001b[32m\"2\"\u001b[39m\n              \u001b[36m/>\u001b[39m\n              \u001b[36m<circle\u001b[39m\n                \u001b[33mcx\u001b[39m=\u001b[32m\"20\"\u001b[39m\n                \u001b[33mcy\u001b[39m=\u001b[32m\"16\"\u001b[39m\n                \u001b[33mr\u001b[39m=\u001b[32m\"2\"\u001b[39m\n              \u001b[36m/>\u001b[39m\n              \u001b[36m<path\u001b[39m\n                \u001b[33md\u001b[39m=\u001b[32m\"M9 10a5 5 0 0 1 5 5v3.5a3.5 3.5 0 0 1-6.84 1.045Q6.52 17.48 4.46 16.84A3.5 3.5 0 0 1 5.5 10Z\"\u001b[39m\n              \u001b[36m/>\u001b[39m\n            \u001b[36m</svg>\u001b[39m\n          \u001b[36m</div>\u001b[39m\n          \u001b[36m<div>\u001b[39m\n            \u001b[36m<h1\u001b[39m\n              \u001b[33mclass\u001b[39m=\u001b[32m\"text-lg font-bold text-white leading-tight\"\u001b[39m\n            \u001b[36m>\u001b[39m\n              \u001b[0mOso's Pet Boutique\u001b[0m\n            \u001b[36m</h1>\u001b[39m\n            \u001b[36m<p\u001b[39m\n              \u001b[33mclass\u001b[39m=\u001b[32m\"text-xs text-gray-500\"\u001b[39m\n            \u001b[36m>\u001b[39m\n              \u001b[0mChaquetas con amor 🐾\u001b[0m\n            \u001b[36m</p>\u001b[39m\n          \u001b[36m</div>\u001b[39m\n        \u001b[36m</div>\u001b[39m\n        \u001b[36m<div\u001b[39m\n          \u001b[33mclass\u001b[39m=\u001b[32m\"flex items-center gap-4\"\u001b[39m\n        \u001b[36m>\u001b[39m\n          \u001b[36m<button\u001b[39m\n            \u001b[33mclass\u001b[39m=\u001b[32m\"relative p-2 rounded-xl bg-gray-800/30 hover:bg-gray-800/50 border border-gray-800/30 transition-all\"\u001b[39m\n          \u001b[36m>\u001b[39m\n            \u001b[36m<svg\u001b[39m\n              \u001b[33maria-hidden\u001b[39m=\u001b[32m\"true\"\u001b[39m\n              \u001b[33mclass\u001b[39m=\u001b[32m\"lucide lucide-shopping-bag w-5 h-5 text-gray-300\"\u001b[39m\n              \u001b[33mfill\u001b[39m=\u001b[32m\"none\"\u001b[39m\n              \u001b[33mheight\u001b[39m=\u001b[32m\"24\"\u001b[39m\n              \u001b[33mstroke\u001b[39m=\u001b[32m\"currentColor\"\u001b[39m\n              \u001b[33mstroke-linecap\u001b[39m=\u001b[32m\"round\"\u001b[39m\n              \u001b[33mstroke-linejoin\u001b[39m=\u001b[32m\"round\"\u001b[39m\n              \u001b[33mstroke-width\u001b[39m=\u001b[32m\"2\"\u001b[39m\n              \u001b[33mviewBox\u001b[39m=\u001b[32m\"0 0 24 24\"\u001b[39m\n              \u001b[33mwidth\u001b[39m=\u001b[32m\"24\"\u001b[39m\n              \u001b[33mxmlns\u001b[39m=\u001b[32m\"http://www.w3.org/2000/svg\"\u001b[39m\n            \u001b[36m>\u001b[39m\n              \u001b[36m<path\u001b[39m\n                \u001b[33md\u001b[39m=\u001b[32m\"M16 10a4 4 0 0 1-8 0\"\u001b[39m\n              \u001b[36m/>\u001b[39m\n              \u001b[36m<path\u001b[39m\n                \u001b[33md\u001b[39m=\u001b[32m\"M3.103 6.034h17.794\"\u001b[39m\n              \u001b[36m/>\u001b[39m\n              \u001b[36m<path\u001b[39m\n                \u001b[33md\u001b[39m=\u001b[32m\"M3.4 5.467a2 2 0 0 0-.4 1.2V20a2 2 0 0 0 2 2h14a2 2 0 0 0 2-2V6.667a2 2 0 0 0-.4-1.2l-2-2.667A2 2 0 0 0 17 2H7a2 2 0 0 0-1.6.8z\"\u001b[39m\n              \u001b[36m/>\u001b[39m\n            \u001b[36m</svg>\u001b[39m\n          \u001b[36m</button>\u001b[39m\n          \u001b[36m<div\u001b[39m\n            \u001b[33mclass\u001b[39m=\u001b[32m\"hidden sm:flex items-center gap-2 text-xs text-gray-500\"\u001b[39m\n          \u001b[36m>\u001b[39m\n            \u001b[36m<div\u001b[39m\n              \u001b[33mclass\u001b[39m=\u001b[32m\"w-2 h-2 rounded-full bg-green-500 animate-pulse\"\u001b[39m\n            \u001b[36m/>\u001b[39m\n            \u001b[36m<span>\u001b[39m\n              \u001b[0mPago seguro\u001b[0m\n            \u001b[36m</span>\u001b[39m\n          \u001b[36m</div>\u001b[39m\n        \u001b[36m</div>\u001b[39m\n      \u001b[36m</div>\u001b[39m\n    \u001b[36m</header>\u001b[39m\n  \u001b[36m</div>\u001b[39m\n\u001b[36m</body>\u001b[39m\n    at Object.getElementError (C:\\Users\\nicol\\Documents\\Trabajos\\Personal\\Proyectos Personales\\checkout-payment-system\\checkout-frontend\\node_modules\\@testing-library\\dom\\dist\\config.js:37:19)\n    at C:\\Users\\nicol\\Documents\\Trabajos\\Personal\\Proyectos Personales\\checkout-payment-system\\checkout-frontend\\node_modules\\@testing-library\\dom\\dist\\query-helpers.js:76:38\n    at C:\\Users\\nicol\\Documents\\Trabajos\\Personal\\Proyectos Personales\\checkout-payment-system\\checkout-frontend\\node_modules\\@testing-library\\dom\\dist\\query-helpers.js:52:17\n    at C:\\Users\\nicol\\Documents\\Trabajos\\Personal\\Proyectos Personales\\checkout-payment-system\\checkout-frontend\\node_modules\\@testing-library\\dom\\dist\\query-helpers.js:95:19\n    at Object.<anonymous> (C:\\Users\\nicol\\Documents\\Trabajos\\Personal\\Proyectos Personales\\checkout-payment-system\\checkout-frontend\\src\\components\\layout\\Header.test.tsx:63:19)\n    at Promise.finally.completed (C:\\Users\\nicol\\Documents\\Trabajos\\Personal\\Proyectos Personales\\checkout-payment-system\\checkout-frontend\\node_modules\\jest-circus\\build\\jestAdapterInit.js:1561:28)\n    at new Promise (<anonymous>)\n    at callAsyncCircusFn (C:\\Users\\nicol\\Documents\\Trabajos\\Personal\\Proyectos Personales\\checkout-payment-system\\checkout-frontend\\node_modules\\jest-circus\\build\\jestAdapterInit.js:1501:10)\n    at _callCircusTest (C:\\Users\\nicol\\Documents\\Trabajos\\Personal\\Proyectos Personales\\checkout-payment-system\\checkout-frontend\\node_modules\\jest-circus\\build\\jestAdapterInit.js:1011:40)\n    at processTicksAndRejections (node:internal/process/task_queues:103:5)\n    at _runTest (C:\\Users\\nicol\\Documents\\Trabajos\\Personal\\Proyectos Personales\\checkout-payment-system\\checkout-frontend\\node_modules\\jest-circus\\build\\jestAdapterInit.js:951:3)\n    at C:\\Users\\nicol\\Documents\\Trabajos\\Personal\\Proyectos Personales\\checkout-payment-system\\checkout-frontend\\node_modules\\jest-circus\\build\\jestAdapterInit.js:853:7\n    at _runTestsForDescribeBlock (C:\\Users\\nicol\\Documents\\Trabajos\\Personal\\Proyectos Personales\\checkout-payment-system\\checkout-frontend\\node_modules\\jest-circus\\build\\jestAdapterInit.js:866:11)\n    at _runTestsForDescribeBlock (C:\\Users\\nicol\\Documents\\Trabajos\\Personal\\Proyectos Personales\\checkout-payment-system\\checkout-frontend\\node_modules\\jest-circus\\build\\jestAdapterInit.js:861:11)\n    at run (C:\\Users\\nicol\\Documents\\Trabajos\\Personal\\Proyectos Personales\\checkout-payment-system\\checkout-frontend\\node_modules\\jest-circus\\build\\jestAdapterInit.js:765:3)\n    at runAndTransformResultsToJestFormat (C:\\Users\\nicol\\Documents\\Trabajos\\Personal\\Proyectos Personales\\checkout-payment-system\\checkout-frontend\\node_modules\\jest-circus\\build\\jestAdapterInit.js:1993:21)\n    at jestAdapter (C:\\Users\\nicol\\Documents\\Trabajos\\Personal\\Proyectos Personales\\checkout-payment-system\\checkout-frontend\\node_modules\\jest-circus\\build\\runner.js:111:19)\n    at runTestInternal (C:\\Users\\nicol\\Documents\\Trabajos\\Personal\\Proyectos Personales\\checkout-payment-system\\checkout-frontend\\node_modules\\jest-runner\\build\\testWorker.js:276:16)\n    at runTest (C:\\Users\\nicol\\Documents\\Trabajos\\Personal\\Proyectos Personales\\checkout-payment-system\\checkout-frontend\\node_modules\\jest-runner\\build\\testWorker.js:344:7)\n    at Object.worker (C:\\Users\\nicol\\Documents\\Trabajos\\Personal\\Proyectos Personales\\checkout-payment-system\\checkout-frontend\\node_modules\\jest-runner\\build\\testWorker.js:498:12)"],"fullName":"Header should show cart badge when items are in cart","invocations":1,"location":null,"numPassingAsserts":0,"retryReasons":[],"startAt":1785177157680,"status":"failed","title":"should show cart badge when items are in cart"},{"ancestorTitles":["Header"],"duration":171,"failing":false,"failureDetails":[],"failureMessages":[],"fullName":"Header should dispatch toggleCart on cart button click","invocations":1,"location":null,"numPassingAsserts":1,"retryReasons":[],"startAt":1785177157715,"status":"passed","title":"should dispatch toggleCart on cart button click"}],"endTime":1785177157937,"message":"\u001b[1m\u001b[31m  \u001b[1m● \u001b[22m\u001b[1mHeader › should not show cart badge when cart is empty\u001b[39m\u001b[22m\n\n    \u001b[2mexpect(\u001b[22m\u001b[31mreceived\u001b[39m\u001b[2m).\u001b[22mtoBe\u001b[2m(\u001b[22m\u001b[32mexpected\u001b[39m\u001b[2m) // Object.is equality\u001b[22m\n\n    Expected: \u001b[32m0\u001b[39m\n    Received: \u001b[31m1\u001b[39m\n\u001b[2m\u001b[22m\n\u001b[2m    \u001b[0m \u001b[90m 48 |\u001b[39m     \u001b[36mconst\u001b[39m header \u001b[33m=\u001b[39m screen\u001b[33m.\u001b[39mgetByText(\u001b[32m\"Oso's Pet Boutique\"\u001b[39m)\u001b[33m.\u001b[39mclosest(\u001b[32m'header'\u001b[39m)\u001b[33m;\u001b[39m\u001b[22m\n\u001b[2m     \u001b[90m 49 |\u001b[39m     \u001b[36mconst\u001b[39m badges \u001b[33m=\u001b[39m header\u001b[33m?\u001b[39m\u001b[33m.\u001b[39mquerySelectorAll(\u001b[32m'.rounded-full'\u001b[39m)\u001b[33m;\u001b[39m\u001b[22m\n\u001b[2m    \u001b[31m\u001b[1m>\u001b[22m\u001b[2m\u001b[39m\u001b[90m 50 |\u001b[39m     expect(badges\u001b[33m?\u001b[39m\u001b[33m.\u001b[39mlength)\u001b[33m.\u001b[39mtoBe(\u001b[35m0\u001b[39m)\u001b[33m;\u001b[39m\u001b[22m\n\u001b[2m     \u001b[90m    |\u001b[39m                            \u001b[31m\u001b[1m^\u001b[22m\u001b[2m\u001b[39m\u001b[22m\n\u001b[2m     \u001b[90m 51 |\u001b[39m   })\u001b[33m;\u001b[39m\u001b[22m\n\u001b[2m     \u001b[90m 52 |\u001b[39m\u001b[22m\n\u001b[2m     \u001b[90m 53 |\u001b[39m   it(\u001b[32m'should show cart badge when items are in cart'\u001b[39m\u001b[33m,\u001b[39m () \u001b[33m=>\u001b[39m {\u001b[0m\u001b[22m\n\u001b[2m\u001b[22m\n\u001b[2m      \u001b[2mat Object.<anonymous> (\u001b[22m\u001b[2m\u001b[0m\u001b[36msrc/components/layout/Header.test.tsx\u001b[39m\u001b[0m\u001b[2m:50:28)\u001b[22m\u001b[2m\u001b[22m\n\n\u001b[1m\u001b[31m  \u001b[1m● \u001b[22m\u001b[1mHeader › should show cart badge when items are in cart\u001b[39m\u001b[22m\n\n    TestingLibraryElementError: Unable to find an element with the text: 2. This could be because the text is broken up by multiple elements. In this case, you can provide a function for your text matcher to make your matcher more flexible.\n\n    Ignored nodes: comments, script, style\n    \u001b[36m<body>\u001b[39m\n      \u001b[36m<div>\u001b[39m\n        \u001b[36m<header\u001b[39m\n          \u001b[33mclass\u001b[39m=\u001b[32m\"relative z-30 border-b border-gray-800/50 bg-gradient-to-r from-gray-950 via-purple-950/30 to-gray-950 backdrop-blur-xl\"\u001b[39m\n        \u001b[36m>\u001b[39m\n          \u001b[36m<div\u001b[39m\n            \u001b[33mclass\u001b[39m=\u001b[32m\"max-w-7xl mx-auto px-4 py-4 flex items-center justify-between\"\u001b[39m\n          \u001b[36m>\u001b[39m\n            \u001b[36m<div\u001b[39m\n              \u001b[33mclass\u001b[39m=\u001b[32m\"flex items-center gap-3\"\u001b[39m\n            \u001b[36m>\u001b[39m\n              \u001b[36m<div\u001b[39m\n                \u001b[33mclass\u001b[39m=\u001b[32m\"w-10 h-10 rounded-xl bg-gradient-to-br from-purple-500 to-indigo-600 flex items-center justify-center shadow-lg shadow-purple-500/20\"\u001b[39m\n              \u001b[36m>\u001b[39m\n                \u001b[36m<svg\u001b[39m\n                  \u001b[33maria-hidden\u001b[39m=\u001b[32m\"true\"\u001b[39m\n                  \u001b[33mclass\u001b[39m=\u001b[32m\"lucide lucide-paw-print w-5 h-5 text-white\"\u001b[39m\n                  \u001b[33mfill\u001b[39m=\u001b[32m\"none\"\u001b[39m\n                  \u001b[33mheight\u001b[39m=\u001b[32m\"24\"\u001b[39m\n                  \u001b[33mstroke\u001b[39m=\u001b[32m\"currentColor\"\u001b[39m\n                  \u001b[33mstroke-linecap\u001b[39m=\u001b[32m\"round\"\u001b[39m\n                  \u001b[33mstroke-linejoin\u001b[39m=\u001b[32m\"round\"\u001b[39m\n                  \u001b[33mstroke-width\u001b[39m=\u001b[32m\"2\"\u001b[39m\n                  \u001b[33mviewBox\u001b[39m=\u001b[32m\"0 0 24 24\"\u001b[39m\n                  \u001b[33mwidth\u001b[39m=\u001b[32m\"24\"\u001b[39m\n                  \u001b[33mxmlns\u001b[39m=\u001b[32m\"http://www.w3.org/2000/svg\"\u001b[39m\n                \u001b[36m>\u001b[39m\n                  \u001b[36m<circle\u001b[39m\n                    \u001b[33mcx\u001b[39m=\u001b[32m\"11\"\u001b[39m\n                    \u001b[33mcy\u001b[39m=\u001b[32m\"4\"\u001b[39m\n                    \u001b[33mr\u001b[39m=\u001b[32m\"2\"\u001b[39m\n                  \u001b[36m/>\u001b[39m\n                  \u001b[36m<circle\u001b[39m\n                    \u001b[33mcx\u001b[39m=\u001b[32m\"18\"\u001b[39m\n                    \u001b[33mcy\u001b[39m=\u001b[32m\"8\"\u001b[39m\n                    \u001b[33mr\u001b[39m=\u001b[32m\"2\"\u001b[39m\n                  \u001b[36m/>\u001b[39m\n                  \u001b[36m<circle\u001b[39m\n                    \u001b[33mcx\u001b[39m=\u001b[32m\"20\"\u001b[39m\n                    \u001b[33mcy\u001b[39m=\u001b[32m\"16\"\u001b[39m\n                    \u001b[33mr\u001b[39m=\u001b[32m\"2\"\u001b[39m\n                  \u001b[36m/>\u001b[39m\n                  \u001b[36m<path\u001b[39m\n                    \u001b[33md\u001b[39m=\u001b[32m\"M9 10a5 5 0 0 1 5 5v3.5a3.5 3.5 0 0 1-6.84 1.045Q6.52 17.48 4.46 16.84A3.5 3.5 0 0 1 5.5 10Z\"\u001b[39m\n                  \u001b[36m/>\u001b[39m\n                \u001b[36m</svg>\u001b[39m\n              \u001b[36m</div>\u001b[39m\n              \u001b[36m<div>\u001b[39m\n                \u001b[36m<h1\u001b[39m\n                  \u001b[33mclass\u001b[39m=\u001b[32m\"text-lg font-bold text-white leading-tight\"\u001b[39m\n                \u001b[36m>\u001b[39m\n                  \u001b[0mOso's Pet Boutique\u001b[0m\n                \u001b[36m</h1>\u001b[39m\n                \u001b[36m<p\u001b[39m\n                  \u001b[33mclass\u001b[39m=\u001b[32m\"text-xs text-gray-500\"\u001b[39m\n                \u001b[36m>\u001b[39m\n                  \u001b[0mChaquetas con amor 🐾\u001b[0m\n                \u001b[36m</p>\u001b[39m\n              \u001b[36m</div>\u001b[39m\n            \u001b[36m</div>\u001b[39m\n            \u001b[36m<div\u001b[39m\n              \u001b[33mclass\u001b[39m=\u001b[32m\"flex items-center gap-4\"\u001b[39m\n            \u001b[36m>\u001b[39m\n              \u001b[36m<button\u001b[39m\n                \u001b[33mclass\u001b[39m=\u001b[32m\"relative p-2 rounded-xl bg-gray-800/30 hover:bg-gray-800/50 border border-gray-800/30 transition-all\"\u001b[39m\n              \u001b[36m>\u001b[39m\n                \u001b[36m<svg\u001b[39m\n                  \u001b[33maria-hidden\u001b[39m=\u001b[32m\"true\"\u001b[39m\n                  \u001b[33mclass\u001b[39m=\u001b[32m\"lucide lucide-shopping-bag w-5 h-5 text-gray-300\"\u001b[39m\n                  \u001b[33mfill\u001b[39m=\u001b[32m\"none\"\u001b[39m\n                  \u001b[33mheight\u001b[39m=\u001b[32m\"24\"\u001b[39m\n                  \u001b[33mstroke\u001b[39m=\u001b[32m\"currentColor\"\u001b[39m\n                  \u001b[33mstroke-linecap\u001b[39m=\u001b[32m\"round\"\u001b[39m\n                  \u001b[33mstroke-linejoin\u001b[39m=\u001b[32m\"round\"\u001b[39m\n                  \u001b[33mstroke-width\u001b[39m=\u001b[32m\"2\"\u001b[39m\n                  \u001b[33mviewBox\u001b[39m=\u001b[32m\"0 0 24 24\"\u001b[39m\n                  \u001b[33mwidth\u001b[39m=\u001b[32m\"24\"\u001b[39m\n                  \u001b[33mxmlns\u001b[39m=\u001b[32m\"http://www.w3.org/2000/svg\"\u001b[39m\n                \u001b[36m>\u001b[39m\n                  \u001b[36m<path\u001b[39m\n                    \u001b[33md\u001b[39m=\u001b[32m\"M16 10a4 4 0 0 1-8 0\"\u001b[39m\n                  \u001b[36m/>\u001b[39m\n                  \u001b[36m<path\u001b[39m\n                    \u001b[33md\u001b[39m=\u001b[32m\"M3.103 6.034h17.794\"\u001b[39m\n                  \u001b[36m/>\u001b[39m\n                  \u001b[36m<path\u001b[39m\n                    \u001b[33md\u001b[39m=\u001b[32m\"M3.4 5.467a2 2 0 0 0-.4 1.2V20a2 2 0 0 0 2 2h14a2 2 0 0 0 2-2V6.667a2 2 0 0 0-.4-1.2l-2-2.667A2 2 0 0 0 17 2H7a2 2 0 0 0-1.6.8z\"\u001b[39m\n                  \u001b[36m/>\u001b[39m\n                \u001b[36m</svg>\u001b[39m\n              \u001b[36m</button>\u001b[39m\n              \u001b[36m<div\u001b[39m\n                \u001b[33mclass\u001b[39m=\u001b[32m\"hidden sm:flex items-center gap-2 text-xs text-gray-500\"\u001b[39m\n              \u001b[36m>\u001b[39m\n                \u001b[36m<div\u001b[39m\n                  \u001b[33mclass\u001b[39m=\u001b[32m\"w-2 h-2 rounded-full bg-green-500 animate-pulse\"\u001b[39m\n                \u001b[36m/>\u001b[39m\n                \u001b[36m<span>\u001b[39m\n                  \u001b[0mPago seguro\u001b[0m\n                \u001b[36m</span>\u001b[39m\n              \u001b[36m</div>\u001b[39m\n            \u001b[36m</div>\u001b[39m\n          \u001b[36m</div>\u001b[39m\n        \u001b[36m</header>\u001b[39m\n      \u001b[36m</div>\u001b[39m\n    \u001b[36m</body>\u001b[39m\n\u001b[2m\u001b[22m\n\u001b[2m    \u001b[0m \u001b[90m 61 |\u001b[39m       \u001b[33m<\u001b[39m\u001b[33m/\u001b[39m\u001b[33mProvider\u001b[39m\u001b[33m>\u001b[39m\u001b[22m\n\u001b[2m     \u001b[90m 62 |\u001b[39m     )\u001b[33m;\u001b[39m\u001b[22m\n\u001b[2m    \u001b[31m\u001b[1m>\u001b[22m\u001b[2m\u001b[39m\u001b[90m 63 |\u001b[39m     expect(screen\u001b[33m.\u001b[39mgetByText(\u001b[32m'2'\u001b[39m))\u001b[33m.\u001b[39mtoBeInTheDocument()\u001b[33m;\u001b[39m\u001b[22m\n\u001b[2m     \u001b[90m    |\u001b[39m                   \u001b[31m\u001b[1m^\u001b[22m\u001b[2m\u001b[39m\u001b[22m\n\u001b[2m     \u001b[90m 64 |\u001b[39m   })\u001b[33m;\u001b[39m\u001b[22m\n\u001b[2m     \u001b[90m 65 |\u001b[39m\u001b[22m\n\u001b[2m     \u001b[90m 66 |\u001b[39m   it(\u001b[32m'should dispatch toggleCart on cart button click'\u001b[39m\u001b[33m,\u001b[39m () \u001b[33m=>\u001b[39m {\u001b[0m\u001b[22m\n\u001b[2m\u001b[22m\n\u001b[2m      \u001b[2mat Object.getElementError (\u001b[22m\u001b[2mnode_modules/@testing-library/dom/dist/config.js\u001b[2m:37:19)\u001b[22m\u001b[2m\u001b[22m\n\u001b[2m      \u001b[2mat \u001b[22m\u001b[2mnode_modules/@testing-library/dom/dist/query-helpers.js\u001b[2m:76:38\u001b[22m\u001b[2m\u001b[22m\n\u001b[2m      \u001b[2mat \u001b[22m\u001b[2mnode_modules/@testing-library/dom/dist/query-helpers.js\u001b[2m:52:17\u001b[22m\u001b[2m\u001b[22m\n\u001b[2m      \u001b[2mat \u001b[22m\u001b[2mnode_modules/@testing-library/dom/dist/query-helpers.js\u001b[2m:95:19\u001b[22m\u001b[2m\u001b[22m\n\u001b[2m      \u001b[2mat Object.<anonymous> (\u001b[22m\u001b[2m\u001b[0m\u001b[36msrc/components/layout/Header.test.tsx\u001b[39m\u001b[0m\u001b[2m:63:19)\u001b[22m\u001b[2m\u001b[22m\n","name":"C:\\Users\\nicol\\Documents\\Trabajos\\Personal\\Proyectos Personales\\checkout-payment-system\\checkout-frontend\\src\\components\\layout\\Header.test.tsx","startTime":1785177146664,"status":"failed","summary":""},{"assertionResults":[{"ancestorTitles":["Button"],"duration":81,"failing":false,"failureDetails":[],"failureMessages":[],"fullName":"Button should render with children text","invocations":1,"location":null,"numPassingAsserts":1,"retryReasons":[],"startAt":1785177157902,"status":"passed","title":"should render with children text"},{"ancestorTitles":["Button"],"duration":21,"failing":false,"failureDetails":[],"failureMessages":[],"fullName":"Button should apply primary variant by default","invocations":1,"location":null,"numPassingAsserts":1,"retryReasons":[],"startAt":1785177157986,"status":"passed","title":"should apply primary variant by default"},{"ancestorTitles":["Button"],"duration":12,"failing":false,"failureDetails":[],"failureMessages":[],"fullName":"Button should apply secondary variant","invocations":1,"location":null,"numPassingAsserts":1,"retryReasons":[],"startAt":1785177158007,"status":"passed","title":"should apply secondary variant"},{"ancestorTitles":["Button"],"duration":10,"failing":false,"failureDetails":[],"failureMessages":[],"fullName":"Button should apply outline variant","invocations":1,"location":null,"numPassingAsserts":1,"retryReasons":[],"startAt":1785177158020,"status":"passed","title":"should apply outline variant"},{"ancestorTitles":["Button"],"duration":7,"failing":false,"failureDetails":[],"failureMessages":[],"fullName":"Button should apply ghost variant","invocations":1,"location":null,"numPassingAsserts":1,"retryReasons":[],"startAt":1785177158030,"status":"passed","title":"should apply ghost variant"},{"ancestorTitles":["Button"],"duration":17,"failing":false,"failureDetails":[],"failureMessages":[],"fullName":"Button should apply size classes","invocations":1,"location":null,"numPassingAsserts":2,"retryReasons":[],"startAt":1785177158038,"status":"passed","title":"should apply size classes"},{"ancestorTitles":["Button"],"duration":13,"failing":false,"failureDetails":[],"failureMessages":[],"fullName":"Button should show loading spinner when loading","invocations":1,"location":null,"numPassingAsserts":2,"retryReasons":[],"startAt":1785177158055,"status":"passed","title":"should show loading spinner when loading"},{"ancestorTitles":["Button"],"duration":13,"failing":false,"failureDetails":[],"failureMessages":[],"fullName":"Button should show icon when provided","invocations":1,"location":null,"numPassingAsserts":1,"retryReasons":[],"startAt":1785177158068,"status":"passed","title":"should show icon when provided"},{"ancestorTitles":["Button"],"duration":9,"failing":false,"failureDetails":[],"failureMessages":[],"fullName":"Button should apply fullWidth class","invocations":1,"location":null,"numPassingAsserts":1,"retryReasons":[],"startAt":1785177158081,"status":"passed","title":"should apply fullWidth class"},{"ancestorTitles":["Button"],"duration":10,"failing":false,"failureDetails":[],"failureMessages":[],"fullName":"Button should be disabled when disabled prop is true","invocations":1,"location":null,"numPassingAsserts":1,"retryReasons":[],"startAt":1785177158091,"status":"passed","title":"should be disabled when disabled prop is true"},{"ancestorTitles":["Button"],"duration":23,"failing":false,"failureDetails":[],"failureMessages":[],"fullName":"Button should call onClick handler","invocations":1,"location":null,"numPassingAsserts":1,"retryReasons":[],"startAt":1785177158101,"status":"passed","title":"should call onClick handler"},{"ancestorTitles":["Button"],"duration":15,"failing":false,"failureDetails":[],"failureMessages":[],"fullName":"Button should not call onClick when disabled","invocations":1,"location":null,"numPassingAsserts":1,"retryReasons":[],"startAt":1785177158125,"status":"passed","title":"should not call onClick when disabled"}],"endTime":1785177158144,"message":"","name":"C:\\Users\\nicol\\Documents\\Trabajos\\Personal\\Proyectos Personales\\checkout-payment-system\\checkout-frontend\\src\\components\\ui\\Button.test.tsx","startTime":1785177146675,"status":"passed","summary":""},{"assertionResults":[{"ancestorTitles":["StepIndicator"],"duration":108,"failing":false,"failureDetails":[],"failureMessages":[],"fullName":"StepIndicator should render all 4 steps","invocations":1,"location":null,"numPassingAsserts":4,"retryReasons":[],"startAt":1785177158309,"status":"passed","title":"should render all 4 steps"},{"ancestorTitles":["StepIndicator"],"duration":22,"failing":false,"failureDetails":[],"failureMessages":[],"fullName":"StepIndicator should mark current step with active styling","invocations":1,"location":null,"numPassingAsserts":1,"retryReasons":[],"startAt":1785177158418,"status":"passed","title":"should mark current step with active styling"},{"ancestorTitles":["StepIndicator"],"duration":19,"failing":false,"failureDetails":[{"matcherResult":{"message":"\u001b[2mexpect(\u001b[22m\u001b[31mreceived\u001b[39m\u001b[2m).\u001b[22mtoBeGreaterThanOrEqual\u001b[2m(\u001b[22m\u001b[32mexpected\u001b[39m\u001b[2m)\u001b[22m\n\nExpected: >= \u001b[32m2\u001b[39m\nReceived:    \u001b[31m1\u001b[39m","pass":false}}],"failureMessages":["Error: \u001b[2mexpect(\u001b[22m\u001b[31mreceived\u001b[39m\u001b[2m).\u001b[22mtoBeGreaterThanOrEqual\u001b[2m(\u001b[22m\u001b[32mexpected\u001b[39m\u001b[2m)\u001b[22m\n\nExpected: >= \u001b[32m2\u001b[39m\nReceived:    \u001b[31m1\u001b[39m\n    at Object.<anonymous> (C:\\Users\\nicol\\Documents\\Trabajos\\Personal\\Proyectos Personales\\checkout-payment-system\\checkout-frontend\\src\\components\\ui\\StepIndicator.test.tsx:25:26)\n    at Promise.finally.completed (C:\\Users\\nicol\\Documents\\Trabajos\\Personal\\Proyectos Personales\\checkout-payment-system\\checkout-frontend\\node_modules\\jest-circus\\build\\jestAdapterInit.js:1561:28)\n    at new Promise (<anonymous>)\n    at callAsyncCircusFn (C:\\Users\\nicol\\Documents\\Trabajos\\Personal\\Proyectos Personales\\checkout-payment-system\\checkout-frontend\\node_modules\\jest-circus\\build\\jestAdapterInit.js:1501:10)\n    at _callCircusTest (C:\\Users\\nicol\\Documents\\Trabajos\\Personal\\Proyectos Personales\\checkout-payment-system\\checkout-frontend\\node_modules\\jest-circus\\build\\jestAdapterInit.js:1011:40)\n    at processTicksAndRejections (node:internal/process/task_queues:103:5)\n    at _runTest (C:\\Users\\nicol\\Documents\\Trabajos\\Personal\\Proyectos Personales\\checkout-payment-system\\checkout-frontend\\node_modules\\jest-circus\\build\\jestAdapterInit.js:951:3)\n    at C:\\Users\\nicol\\Documents\\Trabajos\\Personal\\Proyectos Personales\\checkout-payment-system\\checkout-frontend\\node_modules\\jest-circus\\build\\jestAdapterInit.js:853:7\n    at _runTestsForDescribeBlock (C:\\Users\\nicol\\Documents\\Trabajos\\Personal\\Proyectos Personales\\checkout-payment-system\\checkout-frontend\\node_modules\\jest-circus\\build\\jestAdapterInit.js:866:11)\n    at _runTestsForDescribeBlock (C:\\Users\\nicol\\Documents\\Trabajos\\Personal\\Proyectos Personales\\checkout-payment-system\\checkout-frontend\\node_modules\\jest-circus\\build\\jestAdapterInit.js:861:11)\n    at run (C:\\Users\\nicol\\Documents\\Trabajos\\Personal\\Proyectos Personales\\checkout-payment-system\\checkout-frontend\\node_modules\\jest-circus\\build\\jestAdapterInit.js:765:3)\n    at runAndTransformResultsToJestFormat (C:\\Users\\nicol\\Documents\\Trabajos\\Personal\\Proyectos Personales\\checkout-payment-system\\checkout-frontend\\node_modules\\jest-circus\\build\\jestAdapterInit.js:1993:21)\n    at jestAdapter (C:\\Users\\nicol\\Documents\\Trabajos\\Personal\\Proyectos Personales\\checkout-payment-system\\checkout-frontend\\node_modules\\jest-circus\\build\\runner.js:111:19)\n    at runTestInternal (C:\\Users\\nicol\\Documents\\Trabajos\\Personal\\Proyectos Personales\\checkout-payment-system\\checkout-frontend\\node_modules\\jest-runner\\build\\testWorker.js:276:16)\n    at runTest (C:\\Users\\nicol\\Documents\\Trabajos\\Personal\\Proyectos Personales\\checkout-payment-system\\checkout-frontend\\node_modules\\jest-runner\\build\\testWorker.js:344:7)\n    at Object.worker (C:\\Users\\nicol\\Documents\\Trabajos\\Personal\\Proyectos Personales\\checkout-payment-system\\checkout-frontend\\node_modules\\jest-runner\\build\\testWorker.js:498:12)"],"fullName":"StepIndicator should mark completed steps with check icon","invocations":1,"location":null,"numPassingAsserts":0,"retryReasons":[],"startAt":1785177158440,"status":"failed","title":"should mark completed steps with check icon"},{"ancestorTitles":["StepIndicator"],"duration":11,"failing":false,"failureDetails":[],"failureMessages":[],"fullName":"StepIndicator should mark all steps as completed when on result step","invocations":1,"location":null,"numPassingAsserts":1,"retryReasons":[],"startAt":1785177158475,"status":"passed","title":"should mark all steps as completed when on result step"},{"ancestorTitles":["StepIndicator"],"duration":11,"failing":false,"failureDetails":[],"failureMessages":[],"fullName":"StepIndicator should show inactive styling for future steps","invocations":1,"location":null,"numPassingAsserts":1,"retryReasons":[],"startAt":1785177158486,"status":"passed","title":"should show inactive styling for future steps"}],"endTime":1785177158525,"message":"\u001b[1m\u001b[31m  \u001b[1m● \u001b[22m\u001b[1mStepIndicator › should mark completed steps with check icon\u001b[39m\u001b[22m\n\n    \u001b[2mexpect(\u001b[22m\u001b[31mreceived\u001b[39m\u001b[2m).\u001b[22mtoBeGreaterThanOrEqual\u001b[2m(\u001b[22m\u001b[32mexpected\u001b[39m\u001b[2m)\u001b[22m\n\n    Expected: >= \u001b[32m2\u001b[39m\n    Received:    \u001b[31m1\u001b[39m\n\u001b[2m\u001b[22m\n\u001b[2m    \u001b[0m \u001b[90m 23 |\u001b[39m     \u001b[90m// Check there's at least one SVG (check icon) for completed steps\u001b[39m\u001b[22m\n\u001b[2m     \u001b[90m 24 |\u001b[39m     \u001b[36mconst\u001b[39m svgs \u001b[33m=\u001b[39m container\u001b[33m?\u001b[39m\u001b[33m.\u001b[39mquerySelectorAll(\u001b[32m'svg'\u001b[39m)\u001b[33m;\u001b[39m\u001b[22m\n\u001b[2m    \u001b[31m\u001b[1m>\u001b[22m\u001b[2m\u001b[39m\u001b[90m 25 |\u001b[39m     expect(svgs\u001b[33m?\u001b[39m\u001b[33m.\u001b[39mlength)\u001b[33m.\u001b[39mtoBeGreaterThanOrEqual(\u001b[35m2\u001b[39m)\u001b[33m;\u001b[39m\u001b[22m\n\u001b[2m     \u001b[90m    |\u001b[39m                          \u001b[31m\u001b[1m^\u001b[22m\u001b[2m\u001b[39m\u001b[22m\n\u001b[2m     \u001b[90m 26 |\u001b[39m   })\u001b[33m;\u001b[39m\u001b[22m\n\u001b[2m     \u001b[90m 27 |\u001b[39m\u001b[22m\n\u001b[2m     \u001b[90m 28 |\u001b[39m   it(\u001b[32m'should mark all steps as completed when on result step'\u001b[39m\u001b[33m,\u001b[39m () \u001b[33m=>\u001b[39m {\u001b[0m\u001b[22m\n\u001b[2m\u001b[22m\n\u001b[2m      \u001b[2mat Object.<anonymous> (\u001b[22m\u001b[2m\u001b[0m\u001b[36msrc/components/ui/StepIndicator.test.tsx\u001b[39m\u001b[0m\u001b[2m:25:26)\u001b[22m\u001b[2m\u001b[22m\n","name":"C:\\Users\\nicol\\Documents\\Trabajos\\Personal\\Proyectos Personales\\checkout-payment-system\\checkout-frontend\\src\\components\\ui\\StepIndicator.test.tsx","startTime":1785177146662,"status":"failed","summary":""},{"assertionResults":[{"ancestorTitles":["SummaryPage"],"duration":288,"failing":false,"failureDetails":[],"failureMessages":[],"fullName":"SummaryPage should render the review title","invocations":1,"location":null,"numPassingAsserts":1,"retryReasons":[],"startAt":1785177158024,"status":"passed","title":"should render the review title"},{"ancestorTitles":["SummaryPage"],"duration":55,"failing":false,"failureDetails":[],"failureMessages":[],"fullName":"SummaryPage should render product information","invocations":1,"location":null,"numPassingAsserts":1,"retryReasons":[],"startAt":1785177158313,"status":"passed","title":"should render product information"},{"ancestorTitles":["SummaryPage"],"duration":56,"failing":false,"failureDetails":[],"failureMessages":[],"fullName":"SummaryPage should render customer info","invocations":1,"location":null,"numPassingAsserts":2,"retryReasons":[],"startAt":1785177158369,"status":"passed","title":"should render customer info"},{"ancestorTitles":["SummaryPage"],"duration":40,"failing":false,"failureDetails":[],"failureMessages":[],"fullName":"SummaryPage should render delivery address","invocations":1,"location":null,"numPassingAsserts":2,"retryReasons":[],"startAt":1785177158426,"status":"passed","title":"should render delivery address"},{"ancestorTitles":["SummaryPage"],"duration":33,"failing":false,"failureDetails":[],"failureMessages":[],"fullName":"SummaryPage should render masked card number","invocations":1,"location":null,"numPassingAsserts":1,"retryReasons":[],"startAt":1785177158466,"status":"passed","title":"should render masked card number"},{"ancestorTitles":["SummaryPage"],"duration":43,"failing":false,"failureDetails":[],"failureMessages":[],"fullName":"SummaryPage should render price breakdown","invocations":1,"location":null,"numPassingAsserts":1,"retryReasons":[],"startAt":1785177158499,"status":"passed","title":"should render price breakdown"},{"ancestorTitles":["SummaryPage"],"duration":150,"failing":false,"failureDetails":[],"failureMessages":[],"fullName":"SummaryPage should render total to pay and find the button by partial text","invocations":1,"location":null,"numPassingAsserts":2,"retryReasons":[],"startAt":1785177158543,"status":"passed","title":"should render total to pay and find the button by partial text"},{"ancestorTitles":["SummaryPage"],"duration":41,"failing":false,"failureDetails":[],"failureMessages":[],"fullName":"SummaryPage should call onBack when edit button is clicked","invocations":1,"location":null,"numPassingAsserts":1,"retryReasons":[],"startAt":1785177158693,"status":"passed","title":"should call onBack when edit button is clicked"},{"ancestorTitles":["SummaryPage"],"duration":41,"failing":false,"failureDetails":[],"failureMessages":[],"fullName":"SummaryPage should render Método de pago section","invocations":1,"location":null,"numPassingAsserts":1,"retryReasons":[],"startAt":1785177158734,"status":"passed","title":"should render Método de pago section"}],"endTime":1785177158777,"message":"","name":"C:\\Users\\nicol\\Documents\\Trabajos\\Personal\\Proyectos Personales\\checkout-payment-system\\checkout-frontend\\src\\pages\\SummaryPage.test.tsx","startTime":1785177146665,"status":"passed","summary":""},{"assertionResults":[{"ancestorTitles":["ProductDetailPage"],"duration":195,"failing":false,"failureDetails":[],"failureMessages":[],"fullName":"ProductDetailPage should render product name","invocations":1,"location":null,"numPassingAsserts":1,"retryReasons":[],"startAt":1785177158447,"status":"passed","title":"should render product name"},{"ancestorTitles":["ProductDetailPage"],"duration":26,"failing":false,"failureDetails":[],"failureMessages":[],"fullName":"ProductDetailPage should render product description","invocations":1,"location":null,"numPassingAsserts":1,"retryReasons":[],"startAt":1785177158643,"status":"passed","title":"should render product description"},{"ancestorTitles":["ProductDetailPage"],"duration":38,"failing":false,"failureDetails":[{"name":"TestingLibraryElementError"}],"failureMessages":["TestingLibraryElementError: Found multiple elements with the text: /50/\n\nHere are the matching elements:\n\nIgnored nodes: comments, script, style\n\u001b[36m<p\u001b[39m\n  \u001b[33mclass\u001b[39m=\u001b[32m\"text-3xl font-bold bg-gradient-to-r from-purple-400 to-indigo-400 bg-clip-text text-transparent\"\u001b[39m\n\u001b[36m>\u001b[39m\n  \u001b[0m$\u001b[0m\n  \u001b[0m50.000\u001b[0m\n\u001b[36m</p>\u001b[39m\n\nIgnored nodes: comments, script, style\n\u001b[36m<button\u001b[39m\n  \u001b[33mclass\u001b[39m=\u001b[32m\"inline-flex items-center justify-center gap-2 font-semibold rounded-xl transition-all duration-300 transform active:scale-[0.97] disabled:opacity-50 disabled:cursor-not-allowed disabled:transform-none bg-gradient-to-r from-purple-600 to-indigo-700 text-white shadow-lg shadow-purple-600/25 hover:shadow-purple-600/40 hover:from-purple-500 hover:to-indigo-600 px-8 py-4 text-lg w-full \"\u001b[39m\n\u001b[36m>\u001b[39m\n  \u001b[36m<svg\u001b[39m\n    \u001b[33maria-hidden\u001b[39m=\u001b[32m\"true\"\u001b[39m\n    \u001b[33mclass\u001b[39m=\u001b[32m\"lucide lucide-shopping-bag w-5 h-5\"\u001b[39m\n    \u001b[33mfill\u001b[39m=\u001b[32m\"none\"\u001b[39m\n    \u001b[33mheight\u001b[39m=\u001b[32m\"24\"\u001b[39m\n    \u001b[33mstroke\u001b[39m=\u001b[32m\"currentColor\"\u001b[39m\n    \u001b[33mstroke-linecap\u001b[39m=\u001b[32m\"round\"\u001b[39m\n    \u001b[33mstroke-linejoin\u001b[39m=\u001b[32m\"round\"\u001b[39m\n    \u001b[33mstroke-width\u001b[39m=\u001b[32m\"2\"\u001b[39m\n    \u001b[33mviewBox\u001b[39m=\u001b[32m\"0 0 24 24\"\u001b[39m\n    \u001b[33mwidth\u001b[39m=\u001b[32m\"24\"\u001b[39m\n    \u001b[33mxmlns\u001b[39m=\u001b[32m\"http://www.w3.org/2000/svg\"\u001b[39m\n  \u001b[36m>\u001b[39m\n    \u001b[36m<path\u001b[39m\n      \u001b[33md\u001b[39m=\u001b[32m\"M16 10a4 4 0 0 1-8 0\"\u001b[39m\n    \u001b[36m/>\u001b[39m\n    \u001b[36m<path\u001b[39m\n      \u001b[33md\u001b[39m=\u001b[32m\"M3.103 6.034h17.794\"\u001b[39m\n    \u001b[36m/>\u001b[39m\n    \u001b[36m<path\u001b[39m\n      \u001b[33md\u001b[39m=\u001b[32m\"M3.4 5.467a2 2 0 0 0-.4 1.2V20a2 2 0 0 0 2 2h14a2 2 0 0 0 2-2V6.667a2 2 0 0 0-.4-1.2l-2-2.667A2 2 0 0 0 17 2H7a2 2 0 0 0-1.6.8z\"\u001b[39m\n    \u001b[36m/>\u001b[39m\n  \u001b[36m</svg>\u001b[39m\n  \u001b[0mAgregar al carrito — $\u001b[0m\n  \u001b[0m50.000\u001b[0m\n\u001b[36m</button>\u001b[39m\n\n(If this is intentional, then use the `*AllBy*` variant of the query (like `queryAllByText`, `getAllByText`, or `findAllByText`)).\n\nIgnored nodes: comments, script, style\n\u001b[36m<body>\u001b[39m\n  \u001b[36m<div>\u001b[39m\n    \u001b[36m<div\u001b[39m\n      \u001b[33mclass\u001b[39m=\u001b[32m\"max-w-2xl mx-auto px-4 pb-12 space-y-8\"\u001b[39m\n    \u001b[36m>\u001b[39m\n      \u001b[36m<button\u001b[39m\n        \u001b[33mclass\u001b[39m=\u001b[32m\"flex items-center gap-2 text-gray-400 hover:text-white transition-colors text-sm\"\u001b[39m\n      \u001b[36m>\u001b[39m\n        \u001b[36m<svg\u001b[39m\n          \u001b[33maria-hidden\u001b[39m=\u001b[32m\"true\"\u001b[39m\n          \u001b[33mclass\u001b[39m=\u001b[32m\"lucide lucide-arrow-left w-4 h-4\"\u001b[39m\n          \u001b[33mfill\u001b[39m=\u001b[32m\"none\"\u001b[39m\n          \u001b[33mheight\u001b[39m=\u001b[32m\"24\"\u001b[39m\n          \u001b[33mstroke\u001b[39m=\u001b[32m\"currentColor\"\u001b[39m\n          \u001b[33mstroke-linecap\u001b[39m=\u001b[32m\"round\"\u001b[39m\n          \u001b[33mstroke-linejoin\u001b[39m=\u001b[32m\"round\"\u001b[39m\n          \u001b[33mstroke-width\u001b[39m=\u001b[32m\"2\"\u001b[39m\n          \u001b[33mviewBox\u001b[39m=\u001b[32m\"0 0 24 24\"\u001b[39m\n          \u001b[33mwidth\u001b[39m=\u001b[32m\"24\"\u001b[39m\n          \u001b[33mxmlns\u001b[39m=\u001b[32m\"http://www.w3.org/2000/svg\"\u001b[39m\n        \u001b[36m>\u001b[39m\n          \u001b[36m<path\u001b[39m\n            \u001b[33md\u001b[39m=\u001b[32m\"m12 19-7-7 7-7\"\u001b[39m\n          \u001b[36m/>\u001b[39m\n          \u001b[36m<path\u001b[39m\n            \u001b[33md\u001b[39m=\u001b[32m\"M19 12H5\"\u001b[39m\n          \u001b[36m/>\u001b[39m\n        \u001b[36m</svg>\u001b[39m\n        \u001b[0mVolver a productos\u001b[0m\n      \u001b[36m</button>\u001b[39m\n      \u001b[36m<div\u001b[39m\n        \u001b[33mclass\u001b[39m=\u001b[32m\"aspect-[16/9] rounded-2xl bg-gradient-to-br from-gray-800 to-gray-900 overflow-hidden border border-gray-800/50\"\u001b[39m\n      \u001b[36m>\u001b[39m\n        \u001b[36m<div\u001b[39m\n          \u001b[33mclass\u001b[39m=\u001b[32m\"w-full h-full flex items-center justify-center\"\u001b[39m\n        \u001b[36m>\u001b[39m\n          \u001b[36m<svg\u001b[39m\n            \u001b[33maria-hidden\u001b[39m=\u001b[32m\"true\"\u001b[39m\n            \u001b[33mclass\u001b[39m=\u001b[32m\"lucide lucide-paw-print w-24 h-24 text-gray-700\"\u001b[39m\n            \u001b[33mfill\u001b[39m=\u001b[32m\"none\"\u001b[39m\n            \u001b[33mheight\u001b[39m=\u001b[32m\"24\"\u001b[39m\n            \u001b[33mstroke\u001b[39m=\u001b[32m\"currentColor\"\u001b[39m\n            \u001b[33mstroke-linecap\u001b[39m=\u001b[32m\"round\"\u001b[39m\n            \u001b[33mstroke-linejoin\u001b[39m=\u001b[32m\"round\"\u001b[39m\n            \u001b[33mstroke-width\u001b[39m=\u001b[32m\"2\"\u001b[39m\n            \u001b[33mviewBox\u001b[39m=\u001b[32m\"0 0 24 24\"\u001b[39m\n            \u001b[33mwidth\u001b[39m=\u001b[32m\"24\"\u001b[39m\n            \u001b[33mxmlns\u001b[39m=\u001b[32m\"http://www.w3.org/2000/svg\"\u001b[39m\n          \u001b[36m>\u001b[39m\n            \u001b[36m<circle\u001b[39m\n              \u001b[33mcx\u001b[39m=\u001b[32m\"11\"\u001b[39m\n              \u001b[33mcy\u001b[39m=\u001b[32m\"4\"\u001b[39m\n              \u001b[33mr\u001b[39m=\u001b[32m\"2\"\u001b[39m\n            \u001b[36m/>\u001b[39m\n            \u001b[36m<circle\u001b[39m\n              \u001b[33mcx\u001b[39m=\u001b[32m\"18\"\u001b[39m\n              \u001b[33mcy\u001b[39m=\u001b[32m\"8\"\u001b[39m\n              \u001b[33mr\u001b[39m=\u001b[32m\"2\"\u001b[39m\n            \u001b[36m/>\u001b[39m\n            \u001b[36m<circle\u001b[39m\n              \u001b[33mcx\u001b[39m=\u001b[32m\"20\"\u001b[39m\n              \u001b[33mcy\u001b[39m=\u001b[32m\"16\"\u001b[39m\n              \u001b[33mr\u001b[39m=\u001b[32m\"2\"\u001b[39m\n            \u001b[36m/>\u001b[39m\n            \u001b[36m<path\u001b[39m\n              \u001b[33md\u001b[39m=\u001b[32m\"M9 10a5 5 0 0 1 5 5v3.5a3.5 3.5 0 0 1-6.84 1.045Q6.52 17.48 4.46 16.84A3.5 3.5 0 0 1 5.5 10Z\"\u001b[39m\n            \u001b[36m/>\u001b[39m\n          \u001b[36m</svg>\u001b[39m\n        \u001b[36m</div>\u001b[39m\n      \u001b[36m</div>\u001b[39m\n      \u001b[36m<div\u001b[39m\n        \u001b[33mclass\u001b[39m=\u001b[32m\"space-y-6\"\u001b[39m\n      \u001b[36m>\u001b[39m\n        \u001b[36m<div>\u001b[39m\n          \u001b[36m<h2\u001b[39m\n            \u001b[33mclass\u001b[39m=\u001b[32m\"text-3xl font-bold text-white\"\u001b[39m\n          \u001b[36m>\u001b[39m\n            \u001b[0mChaquetita Oso\u001b[0m\n          \u001b[36m</h2>\u001b[39m\n          \u001b[36m<p\u001b[39m\n            \u001b[33mclass\u001b[39m=\u001b[32m\"text-gray-500 mt-2 leading-relaxed\"\u001b[39m\n          \u001b[36m>\u001b[39m\n            \u001b[0mPara perritos\u001b[0m\n          \u001b[36m</p>\u001b[39m\n        \u001b[36m</div>\u001b[39m\n        \u001b[36m<div\u001b[39m\n          \u001b[33mclass\u001b[39m=\u001b[32m\"flex items-center justify-between p-4 rounded-xl bg-gray-900/50 border border-gray-800/30\"\u001b[39m\n        \u001b[36m>\u001b[39m\n          \u001b[36m<div>\u001b[39m\n            \u001b[36m<p\u001b[39m\n              \u001b[33mclass\u001b[39m=\u001b[32m\"text-3xl font-bold bg-gradient-to-r from-purple-400 to-indigo-400 bg-clip-text text-transparent\"\u001b[39m\n            \u001b[36m>\u001b[39m\n              \u001b[0m$\u001b[0m\n              \u001b[0m50.000\u001b[0m\n            \u001b[36m</p>\u001b[39m\n            \u001b[36m<p\u001b[39m\n              \u001b[33mclass\u001b[39m=\u001b[32m\"text-xs text-gray-500 mt-1\"\u001b[39m\n            \u001b[36m>\u001b[39m\n              \u001b[0mPor unidad\u001b[0m\n            \u001b[36m</p>\u001b[39m\n          \u001b[36m</
[...]
1b[39m\n          \u001b[36m</svg>\u001b[39m\n          \u001b[0mSeguir comprando\u001b[0m\n        \u001b[36m</button>\u001b[39m\n      \u001b[36m</div>\u001b[39m\n    \u001b[36m</div>\u001b[39m\n  \u001b[36m</div>\u001b[39m\n\u001b[36m</body>\u001b[39m\n    at Object.getElementError (C:\\Users\\nicol\\Documents\\Trabajos\\Personal\\Proyectos Personales\\checkout-payment-system\\checkout-frontend\\node_modules\\@testing-library\\dom\\dist\\config.js:37:19)\n    at C:\\Users\\nicol\\Documents\\Trabajos\\Personal\\Proyectos Personales\\checkout-payment-system\\checkout-frontend\\node_modules\\@testing-library\\dom\\dist\\query-helpers.js:76:38\n    at C:\\Users\\nicol\\Documents\\Trabajos\\Personal\\Proyectos Personales\\checkout-payment-system\\checkout-frontend\\node_modules\\@testing-library\\dom\\dist\\query-helpers.js:52:17\n    at C:\\Users\\nicol\\Documents\\Trabajos\\Personal\\Proyectos Personales\\checkout-payment-system\\checkout-frontend\\node_modules\\@testing-library\\dom\\dist\\query-helpers.js:95:19\n    at Object.<anonymous> (C:\\Users\\nicol\\Documents\\Trabajos\\Personal\\Proyectos Personales\\checkout-payment-system\\checkout-frontend\\src\\pages\\ResultPage.test.tsx:103:19)\n    at Promise.finally.completed (C:\\Users\\nicol\\Documents\\Trabajos\\Personal\\Proyectos Personales\\checkout-payment-system\\checkout-frontend\\node_modules\\jest-circus\\build\\jestAdapterInit.js:1561:28)\n    at new Promise (<anonymous>)\n    at callAsyncCircusFn (C:\\Users\\nicol\\Documents\\Trabajos\\Personal\\Proyectos Personales\\checkout-payment-system\\checkout-frontend\\node_modules\\jest-circus\\build\\jestAdapterInit.js:1501:10)\n    at _callCircusTest (C:\\Users\\nicol\\Documents\\Trabajos\\Personal\\Proyectos Personales\\checkout-payment-system\\checkout-frontend\\node_modules\\jest-circus\\build\\jestAdapterInit.js:1011:40)\n    at processTicksAndRejections (node:internal/process/task_queues:103:5)\n    at _runTest (C:\\Users\\nicol\\Documents\\Trabajos\\Personal\\Proyectos Personales\\checkout-payment-system\\checkout-frontend\\node_modules\\jest-circus\\build\\jestAdapterInit.js:951:3)\n    at C:\\Users\\nicol\\Documents\\Trabajos\\Personal\\Proyectos Personales\\checkout-payment-system\\checkout-frontend\\node_modules\\jest-circus\\build\\jestAdapterInit.js:853:7\n    at _runTestsForDescribeBlock (C:\\Users\\nicol\\Documents\\Trabajos\\Personal\\Proyectos Personales\\checkout-payment-system\\checkout-frontend\\node_modules\\jest-circus\\build\\jestAdapterInit.js:866:11)\n    at _runTestsForDescribeBlock (C:\\Users\\nicol\\Documents\\Trabajos\\Personal\\Proyectos Personales\\checkout-payment-system\\checkout-frontend\\node_modules\\jest-circus\\build\\jestAdapterInit.js:861:11)\n    at run (C:\\Users\\nicol\\Documents\\Trabajos\\Personal\\Proyectos Personales\\checkout-payment-system\\checkout-frontend\\node_modules\\jest-circus\\build\\jestAdapterInit.js:765:3)\n    at runAndTransformResultsToJestFormat (C:\\Users\\nicol\\Documents\\Trabajos\\Personal\\Proyectos Personales\\checkout-payment-system\\checkout-frontend\\node_modules\\jest-circus\\build\\jestAdapterInit.js:1993:21)\n    at jestAdapter (C:\\Users\\nicol\\Documents\\Trabajos\\Personal\\Proyectos Personales\\checkout-payment-system\\checkout-frontend\\node_modules\\jest-circus\\build\\runner.js:111:19)\n    at runTestInternal (C:\\Users\\nicol\\Documents\\Trabajos\\Personal\\Proyectos Personales\\checkout-payment-system\\checkout-frontend\\node_modules\\jest-runner\\build\\testWorker.js:276:16)\n    at runTest (C:\\Users\\nicol\\Documents\\Trabajos\\Personal\\Proyectos Personales\\checkout-payment-system\\checkout-frontend\\node_modules\\jest-runner\\build\\testWorker.js:344:7)\n    at Object.worker (C:\\Users\\nicol\\Documents\\Trabajos\\Personal\\Proyectos Personales\\checkout-payment-system\\checkout-frontend\\node_modules\\jest-runner\\build\\testWorker.js:498:12)"],"fullName":"ResultPage should show transaction details when id is present","invocations":1,"location":null,"numPassingAsserts":2,"retryReasons":[],"startAt":1785177159877,"status":"failed","title":"should show transaction details when id is present"},{"ancestorTitles":["ResultPage"],"duration":31,"failing":false,"failureDetails":[],"failureMessages":[],"fullName":"ResultPage should show \"Seguir comprando\" button when approved","invocations":1,"location":null,"numPassingAsserts":1,"retryReasons":[],"startAt":1785177159915,"status":"passed","title":"should show \"Seguir comprando\" button when approved"},{"ancestorTitles":["ResultPage"],"duration":14,"failing":false,"failureDetails":[],"failureMessages":[],"fullName":"ResultPage should show \"Intentar de nuevo\" when declined","invocations":1,"location":null,"numPassingAsserts":1,"retryReasons":[],"startAt":1785177159946,"status":"passed","title":"should show \"Intentar de nuevo\" when declined"},{"ancestorTitles":["ResultPage"],"duration":31,"failing":false,"failureDetails":[],"failureMessages":[],"fullName":"ResultPage should call onRestart when restart button is clicked","invocations":1,"location":null,"numPassingAsserts":1,"retryReasons":[],"startAt":1785177159960,"status":"passed","title":"should call onRestart when restart button is clicked"}],"endTime":1785177160010,"message":"\u001b[1m\u001b[31m  \u001b[1m● \u001b[22m\u001b[1mResultPage › should show transaction details when id is present\u001b[39m\u001b[22m\n\n    TestingLibraryElementError: Unable to find an element with the text: $60,000. This could be because the text is broken up by multiple elements. In this case, you can provide a function for your text matcher to make your matcher more flexible.\n\n    Ignored nodes: comments, script, style\n    \u001b[36m<body>\u001b[39m\n      \u001b[36m<div>\u001b[39m\n        \u001b[36m<div\u001b[39m\n          \u001b[33mclass\u001b[39m=\u001b[32m\"max-w-lg mx-auto px-4 pb-12 space-y-8\"\u001b[39m\n        \u001b[36m>\u001b[39m\n          \u001b[36m<div\u001b[39m\n            \u001b[33mclass\u001b[39m=\u001b[32m\"text-center space-y-6 pt-8\"\u001b[39m\n          \u001b[36m>\u001b[39m\n            \u001b[36m<div\u001b[39m\n              \u001b[33mclass\u001b[39m=\u001b[32m\"\n                inline-flex items-center justify-center w-28 h-28 rounded-full\n                transition-all duration-500 animate-[scaleIn_0.5s_ease-out]\n                bg-gradient-to-br from-green-500/20 to-emerald-600/20 border-4 border-green-500/30\n              \"\u001b[39m\n            \u001b[36m>\u001b[39m\n              \u001b[36m<svg\u001b[39m\n                \u001b[33maria-hidden\u001b[39m=\u001b[32m\"true\"\u001b[39m\n                \u001b[33mclass\u001b[39m=\u001b[32m\"lucide lucide-circle-check w-14 h-14 text-green-400\"\u001b[39m\n                \u001b[33mfill\u001b[39m=\u001b[32m\"none\"\u001b[39m\n                \u001b[33mheight\u001b[39m=\u001b[32m\"24\"\u001b[39m\n                \u001b[33mstroke\u001b[39m=\u001b[32m\"currentColor\"\u001b[39m\n                \u001b[33mstroke-linecap\u001b[39m=\u001b[32m\"round\"\u001b[39m\n                \u001b[33mstroke-linejoin\u001b[39m=\u001b[32m\"round\"\u001b[39m\n                \u001b[33mstroke-width\u001b[39m=\u001b[32m\"2\"\u001b[39m\n                \u001b[33mviewBox\u001b[39m=\u001b[32m\"0 0 24 24\"\u001b[39m\n                \u001b[33mwidth\u001b[39m=\u001b[32m\"24\"\u001b[39m\n                \u001b[33mxmlns\u001b[39m=\u001b[32m\"http://www.w3.org/2000/svg\"\u001b[39m\n              \u001b[36m>\u001b[39m\n                \u001b[36m<circle\u001b[39m\n                  \u001b[33mcx\u001b[39m=\u001b[32m\"12\"\u001b[39m\n                  \u001b[33mcy\u001b[39m=\u001b[32m\"12\"\u001b[39m\n                  \u001b[33mr\u001b[39m=\u001b[32m\"10\"\u001b[39m\n                \u001b[36m/>\u001b[39m\n                \u001b[36m<path\u001b[39m\n                  \u001b[33md\u001b[39m=\u001b[32m\"m9 12 2 2 4-4\"\u001b[39m\n                \u001b[36m/>\u001b[39m\n              \u001b[36m</svg>\u001b[39m\n            \u001b[36m</div>\u001b[39m\n            \u001b[36m<div\u001b[39m\n              \u001b[33mclass\u001b[39m=\u001b[32m\"space-y-2\"\u001b[39m\n            \u001b[36m>\u001b[39m\n              \u001b[36m<h2\u001b[39m\n                \u001b[33mclass\u001b[39m=\u001b[32m\"\n                  text-3xl font-bold\n                  text-green-400\n                \"\u001b[39m\n              \u001b[36m>\u001b[39m\n                \u001b[0m¡Pago aprobado! 🎉\u001b[0m\n              \u001b[36m</h2>\u001b[39m\n              \u001b[36m<p\u001b[39m\n                \u001b[33mclass\u001b[39m=\u001b[32m\"text-gray-500\"\u001b[39m\n              \u001b[36m>\u001b[39m\n                \u001b[0m¡Oso te enviará tu paquete lo antes posible! 🐻✨\u001b[0m\n              \u001b[36m</p>\u001b[39m\n            \u001b[36m</div>\u001b[39m\n          \u001b[36m</div>\u001b[39m\n          \u001b[36m<div\u001b[39m\n            \u001b[33mclass\u001b[39m=\u001b[32m\"rounded-2xl border border-gray-800/50 bg-gray-900/30 p-6 space-y-4\"\u001b[39m\n          \u001b[36m>\u001b[39m\n            \u001b[36m<h4\u001b[39m\n              \u001b[33mclass\u001b[39m=\u001b[32m\"font-bold text-white text-sm uppercase tracking-wider\"\u001b[39m\n            \u001b[36m>\u001b[39m\n              \u001b[0mDetalles de la transacción\u001b[0m\n            \u001b[36m</h4>\u001b[39m\n            \u001b[36m<div\u001b[39m\n              \u001b[33mclass\u001b[39m=\u001b[32m\"space-y-3 text-sm\"\u001b[39m\n            \u001b[36m>\u001b[39m\n              \u001b[36m<div\u001b[39m\n                \u001b[33mclass\u001b[39m=\u001b[32m\"flex justify-between\"\u001b[39m\n              \u001b[36m>\u001b[39m\n                \u001b[36m<span\u001b[39m\n                  \u001b[33mclass\u001b[39m=\u001b[32m\"text-gray-500\"\u001b[39m\n                \u001b[36m>\u001b[39m\n                  \u001b[0mID Transacción\u001b[0m\n                \u001b[36m</span>\u001b[39m\n                \u001b[36m<span\u001b[39m\n                  \u001b[33mclass\u001b[39m=\u001b[32m\"text-gray-300 font-mono text-xs\"\u001b[39m\n                \u001b[36m>\u001b[39m\n                  \u001b[0mtx-1\u001b[0m\n                \u001b[36m</span>\u001b[39m\n              \u001b[36m</div>\u001b[39m\n              \u001b[36m<div\u001b[39m\n                \u001b[33mclass\u001b[39m=\u001b[32m\"flex justify-between\"\u001b[39m\n              \u001b[36m>\u001b[39m\n                \u001b[36m<span\u001b[39m\n                  \u001b[33mclass\u001b[39m=\u001b[32m\"text-gray-500\"\u001b[39m\n                \u001b[36m>\u001b[39m\n                  \u001b[0mMonto\u001b[0m\n                \u001b[36m</span>\u001b[39m\n                \u001b[36m<span\u001b[39m\n                  \u001b[33mclass\u001b[39m=\u001b[32m\"text-white font-bold\"\u001b[39m\n                \u001b[36m>\u001b[39m\n                  \u001b[0m$\u001b[0m\n                  \u001b[0m60.000\u001b[0m\n                \u001b[36m</span>\u001b[39m\n              \u001b[36m</div>\u001b[39m\n              \u001b[36m<div\u001b[39m\n                \u001b[33mclass\u001b[39m=\u001b[32m\"flex justify-between\"\u001b[39m\n              \u001b[36m>\u001b[39m\n                \u001b[36m<span\u001b[39m\n                  \u001b[33mclass\u001b[39m=\u001b[32m\"text-gray-500\"\u001b[39m\n                \u001b[36m>\u001b[39m\n                  \u001b[0mEstado\u001b[0m\n                \u001b[36m</span>\u001b[39m\n                \u001b[36m<span\u001b[39m\n                  \u001b[33mclass\u001b[39m=\u001b[32m\"\n                      font-medium\n                      text-green-400\n                    \"\u001b[39m\n                \u001b[36m>\u001b[39m\n                  \u001b[0mAPPROVED\u001b[0m\n                \u001b[36m</span>\u001b[39m\n              \u001b[36m</div>\u001b[39m\n              \u001b[36m<div\u001b[39m\n                \u001b[33mclass\u001b[39m=\u001b[32m\"flex justify-between\"\u001b[39m\n              \u001b[36m>\u001b[39m\n                \u001b[36m<span\u001b[39m\n                  \u001b[33mclass\u001b[39m=\u001b[32m\"text-gray-500\"\u001b[39m\n                \u001b[36m>\u001b[39m\n                  \u001b[0mGateway\u001b[0m\n                \u001b[36m</span>\u001b[39m\n                \u001b[36m<span\u001b[39m\n                  \u001b[33mclass\u001b[39m=\u001b[32m\"text-gray-300\"\u001b[39m\n                \u001b[36m>\u001b[39m\n                  \u001b[0mWompi\u001b[0m\n                \u001b[36m</span>\u001b[39m\n              \u001b[36m</div>\u001b[39m\n            \u001b[36m</div>\u001b[39m\n          \u001b[36m</div>\u001b[39m\n          \u001b[36m<div\u001b[39m\n            \u001b[33mclass\u001b[39m=\u001b[32m\"space-y-3\"\u001b[39m\n          \u001b[36m>\u001b[39m\n            \u001b[36m<div\u001b[39m\n              \u001b[33mclass\u001b[39m=\u001b[32m\"rounded-2xl bg-gradient-to-r from-green-500/10 to-emerald-600/10 border border-green-500/20 p-6 text-center space-y-3\"\u001b[39m\n            \u001b[36m>\u001b[39m\n              \u001b[36m<svg\u001b[39m\n                \u001b[33maria-hidden\u001b[39m=\u001b[32m\"true\"\u001b[39m\n                \u001b[33mclass\u001b[39m=\u001b[32m\"lucide lucide-paw-print w-8 h-8 text-green-400 mx-auto\"\u001b[39m\n                \u001b[33mfill\u001b[39m=\u001b[32m\"none\"\u001b[39m\n                \u001b[33mheight\u001b[39m=\u001b[32m\"24\"\u001b[39m\n                \u001b[33mstroke\u001b[39m=\u001b[32m\"currentColor\"\u001b[39m\n                \u001b[33mstroke-linecap\u001b[39m=\u001b[32m\"round\"\u001b[39m\n                \u001b[33mstroke-linejoin\u001b[39m=\u001b[32m\"round\"\u001b[39m\n                \u001b[33mstroke-width\u001b[39m=\u001b[32m\"2\"\u001b[39m\n                \u001b[33mviewBox\u001b[39m=\u001b[32m\"0 0 24 24\"\u001b[39m\n                \u001b[33mwidth\u001b[39m=\u001b[32m\"24\"\u001b[39m\n                \u001b[33mxmlns\u001b[39m=\u001b[32m\"http://www.w3.org/2000/svg\"\u001b[39m\n              \u001b[36m>\u001b[39m\n                \u001b[36m<circle\u001b[39m\n                  \u001b[33mcx\u001b[39m=\u001b[32m\"11\"\u001b[39m\n                  \u001b[33mcy\u001b[39m=\u001b[32m\"4\"\u001b[39m\n                  \u001b[33mr\u001b[39m=\u001b[32m\"2\"\u001b[39m\n                \u001b[36m/>\u001b[39m\n                \u001b[36m<circle\u001b[39m\n                  \u001b[33mcx\u001b[39m=\u001b[32m\"18\"\u001b[39m\n                  \u001b[33mcy\u001b[39m=\u001b[32m\"8\"\u001b[39m\n                  \u001b[33mr\u001b[39m=\u001b[32m\"2\"\u001b[39m\n                \u001b[36m/>\u001b[39m\n                \u001b[36m<circle\u001b[39m\n                  \u001b[33mcx\u001b[39m=\u001b[32m\"20\"\u001b[39m\n                  \u001b[33mcy\u001b[39m=\u001b[32m\"16\"\u001b[39m\n                  \u001b[33mr\u001b[39m=\u001b[32m\"2\"\u001b[39m\n                \u001b[36m/>\u001b[39m\n                \u001b[36m<path\u001b[39m\n                  \u001b[33md\u001b[39m=\u001b[32m\"M9 10a5 5 0 0 1 5 5v3.5a3.5 3.5 0 0 1-6.84 1.045Q6.52 17.48 4.46 16.84A3.5 3.5 0 0 1 5.5 10Z\"\u001b[39m\n                \u001b[36m/>\u001b[39m\n              \u001b[36m</svg>\u001b[39m\n              \u001b[36m<p\u001b[39m\n                \u001b[33mclass\u001b[39m=\u001b[32m\"text-sm text-gray-400\"\u001b[39m\n              \u001b[36m>\u001b[39m\n                \u001b[0m¡Woof! Oso está muy feliz con su nueva chaqueta 🐻✨\u001b[0m\n              \u001b[36m</p>\u001b[39m\n            \u001b[36m</div>\u001b[39m\n            \u001b[36m<button\u001b[39m\n              \u001b[33mclass\u001b[39m=\u001b[32m\"inline-flex items-center justify-center gap-2 font-semibold rounded-xl transition-all duration-300 transform active:scale-[0.97] disabled:opacity-50 disabled:cursor-not-allowed disabled:transform-none bg-gradient-to-r from-purple-600 to-indigo-700 text-white shadow-lg shadow-purple-600/25 hover:shadow-purple-600/40 hover:from-purple-500 hover:to-indigo-600 px-8 py-4 text-lg w-full \"\u001b[39m\n            \u001b[36m>\u001b[39m\n              \u001b[36m<svg\u001b[39m\n                \u001b[33maria-hidden\u001b[39m=\u001b[32m\"true\"\u001b[39m\n                \u001b[33mclass\u001b[39m=\u001b[32m\"lucide lucide-shopping-bag w-5 h-5\"\u001b[39m\n                \u001b[33mfill\u001b[39m=\u001b[32m\"none\"\u001b[39m\n                \u001b[33mheight\u001b[39m=\u001b[32m\"24\"\u001b[39m\n                \u001b[33mstroke\u001b[39m=\u001b[32m\"currentColor\"\u001b[39m\n                \u001b[33mstroke-linecap\u001b[39m=\u001b[32m\"round\"\u001b[39m\n                \u001b[33mstroke-linejoin\u001b[39m=\u001b[32m\"round\"\u001b[39m\n                \u001b[33mstroke-width\u001b[39m=\u001b[32m\"2\"\u001b[39m\n                \u001b[33mviewBox\u001b[39m=\u001b[32m\"0 0 24 24\"\u001b[39m\n                \u001b[33mwidth\u001b[39m=\u001b[32m\"24\"\u001b[39m\n                \u001b[33mxmlns\u001b[39m=\u001b[32m\"http://www.w3.org/2000/svg\"\u001b[39m\n              \u001b[36m>\u001b[39m\n                \u001b[36m<path\u001b[39m\n                  \u001b[33md\u001b[39m=\u001b[32m\"M16 10a4 4 0 0 1-8 0\"\u001b[39m\n                \u001b[36m/>\u001b[39m\n                \u001b[36m<path\u001b[39m\n                  \u001b[33md\u001b[39m=\u001b[32m\"M3.103 6.034h17.794\"\u001b[39m\n                \u001b[36m/>\u001b[39m\n                \u001b[36m<path\u001b[39m\n                  \u001b[33md\u001b[39m=\u001b[32m\"M3.4 5.467a2 2 0 0 0-.4 1.2V20a2 2 0 0 0 2 2h14a2 2 0 0 0 2-2V6.667a2 2 0 0 0-.4-1.2l-2-2.667A2 2 0 0 0 17 2H7a2 2 0 0 0-1.6.8z\"\u001b[39m\n                \u001b[36m/>\u001b[39m\n              \u001b[36m</svg>\u001b[39m\n              \u001b[0mSeguir comprando\u001b[0m\n            \u001b[36m</button>\u001b[39m\n          \u001b[36m</div>\u001b[39m\n        \u001b[36m</div>\u001b[39m\n      \u001b[36m</div>\u001b[39m\n    \u001b[36m</body>\u001b[39m\n\u001b[2m\u001b[22m\n\u001b[2m    \u001b[0m \u001b[90m 101 |\u001b[39m     expect(screen\u001b[33m.\u001b[39mgetByText(\u001b[32m'Detalles de la transacción'\u001b[39m))\u001b[33m.\u001b[39mtoBeInTheDocument()\u001b[33m;\u001b[39m\u001b[22m\n\u001b[2m     \u001b[90m 102 |\u001b[39m     expect(screen\u001b[33m.\u001b[39mgetByText(\u001b[32m'tx-1'\u001b[39m))\u001b[33m.\u001b[39mtoBeInTheDocument()\u001b[33m;\u001b[39m\u001b[22m\n\u001b[2m    \u001b[31m\u001b[1m>\u001b[22m\u001b[2m\u001b[39m\u001b[90m 103 |\u001b[39m     expect(screen\u001b[33m.\u001b[39mgetByText(\u001b[32m'$60,000'\u001b[39m))\u001b[33m.\u001b[39mtoBeInTheDocument()\u001b[33m;\u001b[39m\u001b[22m\n\u001b[2m     \u001b[90m     |\u001b[39m                   \u001b[31m\u001b[1m^\u001b[22m\u001b[2m\u001b[39m\u001b[22m\n\u001b[2m     \u001b[90m 104 |\u001b[39m     expect(screen\u001b[33m.\u001b[39mgetByText(\u001b[32m'Wompi'\u001b[39m))\u001b[33m.\u001b[39mtoBeInTheDocument()\u001b[33m;\u001b[39m\u001b[22m\n\u001b[2m     \u001b[90m 105 |\u001b[39m   })\u001b[33m;\u001b[39m\u001b[22m\n\u001b[2m     \u001b[90m 106 |\u001b[39m\u001b[0m\u001b[22m\n\u001b[2m\u001b[22m\n\u001b[2m      \u001b[2mat Object.getElementError (\u001b[22m\u001b[2mnode_modules/@testing-library/dom/dist/config.js\u001b[2m:37:19)\u001b[22m\u001b[2m\u001b[22m\n\u001b[2m      \u001b[2mat \u001b[22m\u001b[2mnode_modules/@testing-library/dom/dist/query-helpers.js\u001b[2m:76:38\u001b[22m\u001b[2m\u001b[22m\n\u001b[2m      \u001b[2mat \u001b[22m\u001b[2mnode_modules/@testing-library/dom/dist/query-helpers.js\u001b[2m:52:17\u001b[22m\u001b[2m\u001b[22m\n\u001b[2m      \u001b[2mat \u001b[22m\u001b[2mnode_modules/@testing-library/dom/dist/query-helpers.js\u001b[2m:95:19\u001b[22m\u001b[2m\u001b[22m\n\u001b[2m      \u001b[2mat Object.<anonymous> (\u001b[22m\u001b[2m\u001b[0m\u001b[36msrc/pages/ResultPage.test.tsx\u001b[39m\u001b[0m\u001b[2m:103:19)\u001b[22m\u001b[2m\u001b[22m\n","name":"C:\\Users\\nicol\\Documents\\Trabajos\\Personal\\Proyectos Personales\\checkout-payment-system\\checkout-frontend\\src\\pages\\ResultPage.test.tsx","startTime":1785177146675,"status":"failed","summary":""}],"wasInterrupted":false}
